500
384
1
did-die 640
341
2
dea-deb 640
ejj-deb 640
7
2
g-h 640
ejj-h 640
499
221
dbg-ejj 640
eee-ejj 640
cgg-ejj 640
cha-ejj 640
big-ejj 640
bic-ejj 640
dae-ejj 640
ddg-ejj 640
eac-ejj 640
cc-ejj 640
bja-ejj 640
ci-ejj 640
edc-ejj 640
ecg-ejj 640
djc-ejj 640
je-ejj 640
bfa-ejj 640
bda-ejj 640
cie-ejj 640
bbg-ejj 640
ce-ejj 640
edg-ejj 640
hc-ejj 640
di-ejj 640
cii-ejj 640
he-ejj 640
bba-ejj 640
cfi-ejj 640
cac-ejj 640
cfc-ejj 640
ejg-ejj 640
gc-ejj 640
dja-ejj 640
fi-ejj 640
ebc-ejj 640
ji-ejj 640
dhg-ejj 640
eeg-ejj 640
egg-ejj 640
cbg-ejj 640
bhc-ejj 640
dg-ejj 640
cjg-ejj 640
ehc-ejj 640
ee-ejj 640
eic-ejj 640
bje-ejj 640
eie-ejj 640
dga-ejj 640
che-ejj 640
caa-ejj 640
egi-ejj 640
edi-ejj 640
cci-ejj 640
eca-ejj 640
ia-ejj 640
ba-ejj 640
bai-ejj 640
dic-ejj 640
dge-ejj 640
bei-ejj 640
ga-ejj 640
bea-ejj 640
cg-ejj 640
dee-ejj 640
daa-ejj 640
cbe-ejj 640
dfi-ejj 640
fc-ejj 640
bc-ejj 640
gg-ejj 640
dje-ejj 640
e-ejj 640
fa-ejj 640
fe-ejj 640
dac-ejj 640
bi-ejj 640
ddi-ejj 640
chg-ejj 640
be-ejj 640
bfi-ejj 640
eha-ejj 640
eig-ejj 640
de-ejj 640
ddc-ejj 640
ede-ejj 640
bfg-ejj 640
bcg-ejj 640
bii-ejj 640
cde-ejj 640
ebg-ejj 640
bde-ejj 640
eje-ejj 640
dag-ejj 640
dji-ejj 640
dde-ejj 640
dig-ejj 640
ejc-ejj 640
ehe-ejj 640
djg-ejj 640
efc-ejj 640
ge-ejj 640
jc-ejj 640
cig-ejj 640
cgc-ejj 640
efi-ejj 640
bia-ejj 640
cfg-ejj 640
dhe-ejj 640
ecc-ejj 640
bag-ejj 640
bga-ejj 640
ccg-ejj 640
bie-ejj 640
hg-ejj 640
eji-ejj 640
ig-ejj 640
a-ejj 640
cge-ejj 640
bdi-ejj 640
bdc-ejj 640
eia-ejj 640
bcc-ejj 640
eja-ejj 640
bgi-ejj 640
ic-ejj 640
bec-ejj 640
cdg-ejj 640
cea-ejj 640
dhc-ejj 640
bci-ejj 640
fg-ejj 640
cfa-ejj 640
egc-ejj 640
bjg-ejj 640
dgi-ejj 640
bac-ejj 640
eii-ejj 640
efa-ejj 640
dhi-ejj 640
gi-ejj 640
cei-ejj 640
baa-ejj 640
dc-ejj 640
cia-ejj 640
i-ejj 640
bhg-ejj 640
ege-ejj 640
cda-ejj 640
chc-ejj 640
efe-ejj 640
dia-ejj 640
eaa-ejj 640
bfc-ejj 640
jg-ejj 640
cic-ejj 640
bgg-ejj 640
cec-ejj 640
ehg-ejj 640
ec-ejj 640
dcc-ejj 640
eai-ejj 640
eg-ejj 640
cje-ejj 640
eba-ejj 640
dfc-ejj 640
cji-ejj 640
bhi-ejj 640
eea-ejj 640
dba-ejj 640
eei-ejj 640
cjc-ejj 640
dii-ejj 640
ccc-ejj 640
beg-ejj 640
ha-ejj 640
bge-ejj 640
dea-ejj 640
dfg-ejj 640
cca-ejj 640
bjc-ejj 640
ca-ejj 640
ebi-ejj 640
cdc-ejj 640
g-ejj 640
cdi-ejj 640
bbe-ejj 640
bdg-ejj 640
dci-ejj 640
dce-ejj 640
cgi-ejj 640
dha-ejj 640
cja-ejj 640
ece-ejj 640
bhe-ejj 640
eag-ejj 640
ceg-ejj 640
dda-ejj 640
eci-ejj 640
ebe-ejj 640
eda-ejj 640
cee-ejj 640
bbc-ejj 640
hi-ejj 640
die-ejj 640
dec-ejj 640
dcg-ejj 640
dei-ejj 640
bae-ejj 640
dca-ejj 640
ehi-ejj 640
bee-ejj 640
dai-ejj 640
cae-ejj 640
cbc-ejj 640
bgc-ejj 640
ie-ejj 640
ja-ejj 640
eae-ejj 640
bfe-ejj 640
bha-ejj 640
391
2
dja-djb 640
ejj-djb 640
89
2
ii-ij 640
ejj-ij 640
179
2
ejj-bhj 640
bhi-bhj 640
315
2
dbe-dbf 640
ejj-dbf 640
19
2
ejj-bj 640
bi-bj 640
176
1
bhf-bhg 640
108
1
bah-bai 640
109
2
bai-baj 640
ejj-baj 640
453
2
ejj-efd 640
efc-efd 640
202
1
cab-cac 640
203
2
ejj-cad 640
cac-cad 640
481
2
eia-eib 640
ejj-eib 640
482
1
eib-eic 640
213
2
cbc-cbd 640
ejj-cbd 640
466
1
egf-egg 640
36
1
df-dg 640
287
2
cig-cih 640
ejj-cih 640
194
1
bjd-bje 640
37
2
dg-dh 640
ejj-dh 640
65
2
ge-gf 640
ejj-gf 640
59
2
fi-fj 640
ejj-fj 640
57
2
ejj-fh 640
fg-fh 640
228
1
cch-cci 640
438
1
edh-edi 640
80
1
hj-ia 640
60
1
fj-ga 640
316
1
dbf-dbg 640
342
1
deb-dec 640
173
2
bhc-bhd 640
ejj-bhd 640
174
1
bhd-bhe 640
0
1
eji-a 640
494
1
ejd-eje 640
495
2
eje-ejf 640
ejj-ejf 640
275
2
ejj-chf 640
che-chf 640
419
2
ebi-ebj 640
ejj-ebj 640
420
1
ebj-eca 640
229
2
ejj-ccj 640
cci-ccj 640
329
2
ejj-dcj 640
dci-dcj 640
303
2
ejj-dad 640
dac-dad 640
369
2
dgi-dgj 640
ejj-dgj 640
54
1
fd-fe 640
23
2
ejj-cd 640
cc-cd 640
389
2
dii-dij 640
ejj-dij 640
390
1
dij-dja 640
307
2
ejj-dah 640
dag-dah 640
308
1
dah-dai 640
309
2
dai-daj 640
ejj-daj 640
63
2
gc-gd 640
ejj-gd 640
64
1
gd-ge 640
51
2
ejj-fb 640
fa-fb 640
52
1
fb-fc 640
45
2
ee-ef 640
ejj-ef 640
106
1
baf-bag 640
55
2
ejj-ff 640
fe-ff 640
244
1
ced-cee 640
480
1
ehj-eia 640
496
1
ejf-ejg 640
357
2
dfg-dfh 640
ejj-dfh 640
358
1
dfh-dfi 640
282
1
cib-cic 640
454
1
efd-efe 640
127
2
bcg-bch 640
ejj-bch 640
128
1
bch-bci 640
172
1
bhb-bhc 640
379
2
ejj-dhj 640
dhi-dhj 640
380
1
dhj-dia 640
219
2
cbi-cbj 640
ejj-cbj 640
241
2
ejj-ceb 640
cea-ceb 640
242
1
ceb-cec 640
175
2
ejj-bhf 640
bhe-bhf 640
177
2
bhg-bhh 640
ejj-bhh 640
163
2
ejj-bgd 640
bgc-bgd 640
415
2
ejj-ebf 640
ebe-ebf 640
416
1
ebf-ebg 640
370
1
dgj-dha 640
239
2
ejj-cdj 640
cdi-cdj 640
292
1
cjb-cjc 640
256
1
cff-cfg 640
257
2
ejj-cfh 640
cfg-cfh 640
493
2
ejc-ejd 640
ejj-ejd 640
8
1
h-i 640
21
2
ejj-cb 640
ca-cb 640
149
2
bei-bej 640
ejj-bej 640
166
1
bgf-bgg 640
285
2
cie-cif 640
ejj-cif 640
25
2
ejj-cf 640
ce-cf 640
151
2
ejj-bfb 640
bfa-bfb 640
152
1
bfb-bfc 640
15
2
ejj-bf 640
be-bf 640
191
2
ejj-bjb 640
bja-bjb 640
270
1
cgj-cha 640
448
1
eeh-eei 640
449
1
eei-eej 640
49
2
ejj-ej 640
ei-ej 640
29
2
ejj-cj 640
ci-cj 640
156
1
bff-bfg 640
157
2
bfg-bfh 640
ejj-bfh 640
361
2
ejj-dgb 640
dga-dgb 640
121
2
bca-bcb 640
ejj-bcb 640
322
1
dcb-dcc 640
323
2
ejj-dcd 640
dcc-dcd 640
407
2
ejj-eah 640
eag-eah 640
408
1
eah-eai 640
58
1
fh-fi 640
459
2
efi-efj 640
ejj-efj 640
460
1
efj-ega 640
388
1
dih-dii 640
113
2
bbc-bbd 640
ejj-bbd 640
66
1
gf-gg 640
336
1
ddf-ddg 640
337
1
ddg-ddh 640
1
2
ejj-b 640
a-b 640
2
1
b-c 640
3
2
ejj-d 640
c-d 640
209
2
cai-caj 640
ejj-caj 640
210
1
caj-cba 640
395
1
dje-djf 640
159
2
bfi-bfj 640
ejj-bfj 640
434
1
edd-ede 640
402
1
eab-eac 640
97
2
ejj-jh 640
jg-jh 640
129
2
bci-bcj 640
ejj-bcj 640
85
2
ie-if 640
ejj-if 640
86
1
if-ig 640
87
2
ig-ih 640
ejj-ih 640
77
2
ejj-hh 640
hg-hh 640
78
1
hh-hi 640
6
1
f-g 640
497
2
ejj-ejh 640
ejg-ejh 640
498
1
ejh-eji 640
114
1
bbd-bbe 640
399
2
ejj-djj 640
dji-djj 640
400
1
djj-eaa 640
331
2
ejj-ddb 640
dda-ddb 640
271
2
cha-chb 640
ejj-chb 640
272
1
chb-chc 640
392
1
djb-djc 640
373
2
ejj-dhd 640
dhc-dhd 640
236
1
cdf-cdg 640
155
2
bfe-bff 640
ejj-bff 640
355
2
dfe-dff 640
ejj-dff 640
356
1
dff-dfg 640
441
2
eea-eeb 640
ejj-eeb 640
442
1
eeb-eec 640
443
2
eec-eed 640
ejj-eed 640
359
2
dfi-dfj 640
ejj-dfj 640
360
1
dfj-dga 640
246
1
cef-ceg 640
281
2
cia-cib 640
ejj-cib 640
140
1
bdj-bea 640
335
2
ejj-ddf 640
dde-ddf 640
95
2
je-jf 640
ejj-jf 640
96
1
jf-jg 640
326
1
dcf-dcg 640
125
2
ejj-bcf 640
bce-bcf 640
126
1
bcf-bcg 640
119
2
ejj-bbj 640
bbi-bbj 640
489
2
eii-eij 640
ejj-eij 640
382
1
dib-dic 640
165
2
ejj-bgf 640
bge-bgf 640
153
2
bfc-bfd 640
ejj-bfd 640
197
2
ejj-bjh 640
bjg-bjh 640
204
1
cad-cae 640
178
1
bhh-bhi 640
180
1
bhj-bia 640
189
2
bii-bij 640
ejj-bij 640
265
2
cge-cgf 640
ejj-cgf 640
18
1
bh-bi 640
320
1
dbj-dca 640
75
2
ejj-hf 640
he-hf 640
217
2
cbg-cbh 640
ejj-cbh 640
251
2
ejj-cfb 640
cfa-cfb 640
252
1
cfb-cfc 640
346
1
def-deg 640
61
2
ga-gb 640
ejj-gb 640
167
2
ejj-bgh 640
bgg-bgh 640
467
2
ejj-egh 640
egg-egh 640
13
2
ejj-bd 640
bc-bd 640
98
1
jh-ji 640
310
1
daj-dba 640
311
2
dba-dbb 640
ejj-dbb 640
312
1
dbb-dbc 640
313
2
ejj-dbd 640
dbc-dbd 640
314
1
dbd-dbe 640
327
2
ejj-dch 640
dcg-dch 640
328
1
dch-dci 640
107
2
ejj-bah 640
bag-bah 640
263
2
cgc-cgd 640
ejj-cgd 640
264
1
cgd-cge 640
240
1
cdj-cea 640
339
2
ddi-ddj 640
ejj-ddj 640
394
1
djd-dje 640
455
2
efe-eff 640
ejj-eff 640
73
2
ejj-hd 640
hc-hd 640
200
1
bjj-caa 640
201
2
caa-cab 640
ejj-cab 640
475
2
ehe-ehf 640
ejj-ehf 640
476
1
ehf-ehg 640
477
2
ehg-ehh 640
ejj-ehh 640
457
2
ejj-efh 640
efg-efh 640
458
1
efh-efi 640
437
2
ejj-edh 640
edg-edh 640
105
2
bae-baf 640
ejj-baf 640
491
2
eja-ejb 640
ejj-ejb 640
492
1
ejb-ejc 640
393
2
ejj-djd 640
djc-djd 640
344
1
ded-dee 640
345
2
ejj-def 640
dee-def 640
375
2
ejj-dhf 640
dhe-dhf 640
376
1
dhf-dhg 640
332
1
ddb-ddc 640
50
1
ej-fa 640
401
2
eaa-eab 640
ejj-eab 640
110
1
baj-bba 640
111
2
bba-bbb 640
ejj-bbb 640
112
1
bbb-bbc 640
9
2
i-j 640
ejj-j 640
231
2
ejj-cdb 640
cda-cdb 640
232
1
cdb-cdc 640
237
2
ejj-cdh 640
cdg-cdh 640
405
2
ejj-eaf 640
eae-eaf 640
406
1
eaf-eag 640
253
2
ejj-cfd 640
cfc-cfd 640
254
1
cfd-cfe 640
347
2
ejj-deh 640
deg-deh 640
348
1
deh-dei 640
478
1
ehh-ehi 640
479
2
ejj-ehj 640
ehi-ehj 640
429
2
ejj-ecj 640
eci-ecj 640
430
1
ecj-eda 640
431
2
eda-edb 640
ejj-edb 640
276
1
chf-chg 640
277
2
ejj-chh 640
chg-chh 640
278
1
chh-chi 640
387
2
dig-dih 640
ejj-dih 640
245
2
cee-cef 640
ejj-cef 640
247
2
ejj-ceh 640
ceg-ceh 640
248
1
ceh-cei 640
249
1
cei-cej 640
93
2
jc-jd 640
ejj-jd 640
94
1
jd-je 640
417
2
ejj-ebh 640
ebg-ebh 640
418
1
ebh-ebi 640
305
2
dae-daf 640
ejj-daf 640
306
1
daf-dag 640
299
2
cji-cjj 640
ejj-cjj 640
300
1
cjj-daa 640
304
1
dad-dae 640
11
2
ejj-bb 640
ba-bb 640
12
1
bb-bc 640
35
2
ejj-df 640
de-df 640
211
2
ejj-cbb 640
cba-cbb 640
212
1
cbb-cbc 640
321
2
ejj-dcb 640
dca-dcb 640
150
1
bej-bfa 640
46
1
ef-eg 640
69
2
ejj-gj 640
gi-gj 640
70
1
gj-ha 640
462
1
egb-egc 640
26
1
cf-cg 640
250
1
cej-cfa 640
293
2
ejj-cjd 640
cjc-cjd 640
243
2
ejj-ced 640
cec-ced 640
374
1
dhd-dhe 640
22
1
cb-cc 640
199
2
ejj-bjj 640
bji-bjj 640
367
2
dgg-dgh 640
ejj-dgh 640
409
2
ejj-eaj 640
eai-eaj 640
164
1
bgd-bge 640
225
2
cce-ccf 640
ejj-ccf 640
226
1
ccf-ccg 640
133
2
ejj-bdd 640
bdc-bdd 640
403
2
ejj-ead 640
eac-ead 640
404
1
ead-eae 640
130
1
bcj-bda 640
131
2
bda-bdb 640
ejj-bdb 640
79
2
hi-hj 640
ejj-hj 640
81
2
ia-ib 640
ejj-ib 640
82
1
ib-ic 640
83
2
ic-id 640
ejj-id 640
84
1
id-ie 640
463
2
ejj-egd 640
egc-egd 640
464
1
egd-ege 640
214
1
cbd-cbe 640
215
2
ejj-cbf 640
cbe-cbf 640
422
1
ecb-ecc 640
423
2
ejj-ecd 640
ecc-ecd 640
220
1
cbj-cca 640
301
1
daa-dab 640
483
2
ejj-eid 640
eic-eid 640
484
1
eid-eie 640
195
2
bje-bjf 640
ejj-bjf 640
196
1
bjf-bjg 640
122
1
bcb-bcc 640
88
1
ih-ii 640
338
1
ddh-ddi 640
445
2
ejj-eef 640
eee-eef 640
446
1
eef-eeg 640
426
1
ecf-ecg 640
27
2
ejj-ch 640
cg-ch 640
28
1
ch-ci 640
363
2
dgc-dgd 640
ejj-dgd 640
364
1
dgd-dge 640
412
1
ebb-ebc 640
4
1
d-e 640
5
2
e-f 640
ejj-f 640
143
2
ejj-bed 640
bec-bed 640
490
1
eij-eja 640
102
1
bab-bac 640
103
2
ejj-bad 640
bac-bad 640
450
1
eej-efa 640
451
2
efa-efb 640
ejj-efb 640
452
1
efb-efc 640
330
1
dcj-dda 640
230
1
ccj-cda 640
30
1
cj-da 640
31
2
ejj-db 640
da-db 640
135
2
ejj-bdf 640
bde-bdf 640
136
1
bdf-bdg 640
32
1
db-dc 640
142
1
beb-bec 640
90
1
ij-ja 640
91
2
ja-jb 640
ejj-jb 640
92
1
jb-jc 640
141
2
bea-beb 640
ejj-beb 640
473
2
ejj-ehd 640
ehc-ehd 640
474
1
ehd-ehe 640
148
1
beh-bei 640
368
1
dgh-dgi 640
371
2
dha-dhb 640
ejj-dhb 640
372
1
dhb-dhc 640
238
1
cdh-cdi 640
340
1
ddj-dea 640
198
1
bjh-bji 640
192
1
bjb-bjc 640
325
2
dce-dcf 640
ejj-dcf 640
223
2
ccc-ccd 640
ejj-ccd 640
224
1
ccd-cce 640
343
2
dec-ded 640
ejj-ded 640
17
2
ejj-bh 640
bg-bh 640
24
1
cd-ce 640
185
2
ejj-bif 640
bie-bif 640
186
1
bif-big 640
187
2
ejj-bih 640
big-bih 640
432
1
edb-edc 640
433
2
ejj-edd 640
edc-edd 640
266
1
cgf-cgg 640
71
2
ha-hb 640
ejj-hb 640
72
1
hb-hc 640
413
2
ebc-ebd 640
ejj-ebd 640
414
1
ebd-ebe 640
41
2
ea-eb 640
ejj-eb 640
42
1
eb-ec 640
396
1
djf-djg 640
283
2
cic-cid 640
ejj-cid 640
397
2
djg-djh 640
ejj-djh 640
398
1
djh-dji 640
184
1
bid-bie 640
439
2
edi-edj 640
ejj-edj 640
74
1
hd-he 640
181
2
ejj-bib 640
bia-bib 640
444
1
eed-eee 640
440
1
edj-eea 640
488
1
eih-eii 640
377
2
dhg-dhh 640
ejj-dhh 640
378
1
dhh-dhi 640
10
1
j-ba 640
381
2
dia-dib 640
ejj-dib 640
333
2
ddc-ddd 640
ejj-ddd 640
424
1
ecd-ece 640
471
2
eha-ehb 640
ejj-ehb 640
472
1
ehb-ehc 640
235
2
cde-cdf 640
ejj-cdf 640
158
1
bfh-bfi 640
160
1
bfj-bga 640
168
1
bgh-bgi 640
169
2
bgi-bgj 640
ejj-bgj 640
162
1
bgb-bgc 640
456
1
eff-efg 640
190
1
bij-bja 640
410
1
eaj-eba 640
411
2
eba-ebb 640
ejj-ebb 640
227
2
ccg-cch 640
ejj-cch 640
468
1
egh-egi 640
216
1
cbf-cbg 640
218
1
cbh-cbi 640
297
2
ejj-cjh 640
cjg-cjh 640
298
1
cjh-cji 640
20
1
bj-ca 640
262
1
cgb-cgc 640
279
2
ejj-chj 640
chi-chj 640
351
1
dfa-dfb 640
352
1
dfb-dfc 640
353
1
dfc-dfd 640
38
1
dh-di 640
171
2
bha-bhb 640
ejj-bhb 640
188
1
bih-bii 640
62
1
gb-gc 640
383
2
dic-did 640
ejj-did 640
385
2
die-dif 640
ejj-dif 640
33
2
ejj-dd 640
dc-dd 640
365
2
dge-dgf 640
ejj-dgf 640
161
1
bga-bgb 640
286
1
cif-cig 640
288
1
cih-cii 640
289
1
cii-cij 640
99
2
ji-jj 640
ejj-jj 640
100
1
jj-baa 640
43
2
ejj-ed 640
ec-ed 640
44
1
ed-ee 640
425
2
ece-ecf 640
ejj-ecf 640
427
2
ecg-ech 640
ejj-ech 640
428
1
ech-eci 640
144
1
bed-bee 640
145
2
ejj-bef 640
bee-bef 640
435
2
ejj-edf 640
ede-edf 640
436
1
edf-edg 640
447
2
eeg-eeh 640
ejj-eeh 640
205
2
ejj-caf 640
cae-caf 640
206
1
caf-cag 640
295
2
cje-cjf 640
ejj-cjf 640
296
1
cjf-cjg 640
123
2
ejj-bcd 640
bcc-bcd 640
134
1
bdd-bde 640
319
2
ejj-dbj 640
dbi-dbj 640
56
1
ff-fg 640
16
1
bf-bg 640
465
2
ege-egf 640
ejj-egf 640
334
1
ddd-dde 640
139
2
bdi-bdj 640
ejj-bdj 640
182
1
bib-bic 640
183
2
ejj-bid 640
bic-bid 640
68
1
gh-gi 640
487
1
eig-eih 640
170
1
bgj-bha 640
39
2
di-dj 640
ejj-dj 640
40
1
dj-ea 640
386
1
dif-dig 640
137
2
ejj-bdh 640
bdg-bdh 640
138
1
bdh-bdi 640
124
1
bcd-bce 640
193
2
ejj-bjd 640
bjc-bjd 640
362
1
dgb-dgc 640
154
1
bfd-bfe 640
421
2
ejj-ecb 640
eca-ecb 640
366
1
dgf-dgg 640
461
2
ega-egb 640
ejj-egb 640
76
1
hf-hg 640
14
1
bd-be 640
317
2
ejj-dbh 640
dbg-dbh 640
349
2
dei-dej 640
ejj-dej 640
132
1
bdb-bdc 640
117
2
bbg-bbh 640
ejj-bbh 640
118
1
bbh-bbi 640
47
2
ejj-eh 640
eg-eh 640
48
1
eh-ei 640
269
1
cgi-cgj 640
324
1
dcd-dce 640
207
1
cag-cah 640
208
1
cah-cai 640
294
1
cjd-cje 640
469
2
ejj-egj 640
egi-egj 640
470
1
egj-eha 640
104
1
bad-bae 640
221
2
ejj-ccb 640
cca-ccb 640
222
1
ccb-ccc 640
146
1
bef-beg 640
258
1
cfh-cfi 640
259
2
ejj-cfj 640
cfi-cfj 640
260
1
cfj-cga 640
267
2
ejj-cgh 640
cgg-cgh 640
268
1
cgh-cgi 640
115
2
bbe-bbf 640
ejj-bbf 640
116
1
bbf-bbg 640
485
2
ejj-eif 640
eie-eif 640
486
1
eif-eig 640
233
2
cdc-cdd 640
ejj-cdd 640
234
1
cdd-cde 640
101
2
ejj-bab 640
baa-bab 640
34
1
dd-de 640
302
1
dab-dac 640
318
1
dbh-dbi 640
53
1
fc-fd 640
261
2
ejj-cgb 640
cga-cgb 640
67
2
ejj-gh 640
gg-gh 640
290
1
cij-cja 640
255
2
cfe-cff 640
ejj-cff 640
120
1
bbj-bca 640
284
1
cid-cie 640
273
2
chc-chd 640
ejj-chd 640
274
1
chd-che 640
280
1
chj-cia 640
291
2
ejj-cjb 640
cja-cjb 640
147
2
beg-beh 640
ejj-beh 640
350
1
dej-dfa 640
354
1
dfd-dfe 640
