1632
341
5
hha-deb 640
cbi-deb 640
hfg-deb 640
fei-deb 640
hgj-deb 640
36
7
hah-dg 640
bcag-dg 640
bdfc-dg 640
cee-dg 640
bebe-dg 640
bgfe-dg 640
bcii-dg 640
324
3
cce-dce 640
jef-dce 640
ebg-dce 640
852
6
gfa-ifc 640
fdj-ifc 640
ejj-ifc 640
bchg-ifc 640
jid-ifc 640
cee-ifc 640
1159
4
ifc-bbfj 640
cbc-bbfj 640
babh-bbfj 640
cje-bbfj 640
120
6
gae-bca 640
gaf-bca 640
bae-bca 640
cc-bca 640
cji-bca 640
eae-bca 640
808
3
beja-iai 640
jh-iai 640
dje-iai 640
473
4
dfd-ehd 640
hcb-ehd 640
hjj-ehd 640
bffb-ehd 640
824
3
jfh-ice 640
ehd-ice 640
hgi-ice 640
882
4
fag-iic 640
jje-iic 640
iie-iic 640
gfa-iic 640
138
6
iic-bdi 640
ich-bdi 640
bffi-bdi 640
bcfj-bdi 640
gci-bdi 640
jbe-bdi 640
1092
3
bbae-bajc 640
hih-bajc 640
dhb-bajc 640
1372
2
jei-bdhc 640
bahg-bdhc 640
267
5
hc-cgh 640
bdhc-cgh 640
cag-cgh 640
hif-cgh 640
babb-cgh 640
668
3
bfc-ggi 640
cgh-ggi 640
cbc-ggi 640
57
7
bdb-fh 640
jjd-fh 640
d-fh 640
jie-fh 640
bejb-fh 640
jh-fh 640
ccb-fh 640
664
9
gaj-gge 640
beai-gge 640
ehc-gge 640
eeb-gge 640
beg-gge 640
bfid-gge 640
efd-gge 640
ifg-gge 640
bdc-gge 640
62
5
bdfa-gc 640
gge-gc 640
bga-gc 640
eie-gc 640
j-gc 640
1089
3
bha-baij 640
bfh-baij 640
ife-baij 640
1018
3
gd-babi 640
baij-babi 640
cdb-babi 640
92
6
bbjg-jc 640
gbe-jc 640
babi-jc 640
hj-jc 640
gii-jc 640
fci-jc 640
19
8
dhf-bj 640
dg-bj 640
ch-bj 640
bdbf-bj 640
db-bj 640
cii-bj 640
bc-bj 640
hcj-bj 640
1339
3
bj-bddj 640
bbbe-bddj 640
bcaf-bddj 640
241
6
bdea-ceb 640
dfe-ceb 640
cii-ceb 640
bfj-ceb 640
bch-ceb 640
dhh-ceb 640
1003
4
ehj-baad 640
ceb-baad 640
bbbh-baad 640
jcd-baad 640
710
3
gee-hba 640
bdbi-hba 640
bega-hba 640
435
6
bdag-edf 640
dic-edf 640
fah-edf 640
bdfe-edf 640
ci-edf 640
hba-edf 640
1657
1
bgbi-bgfh 640
1617
2
bgfh-bgbh 640
ece-bgbh 640
265
4
bgbh-cgf 640
ibe-cgf 640
gie-cgf 640
fcc-cgf 640
184
11
bbc-bie 640
dbe-bie 640
cdc-bie 640
bcc-bie 640
bef-bie 640
eig-bie 640
bcai-bie 640
hdd-bie 640
bae-bie 640
cfe-bie 640
bde-bie 640
1590
1
bie-bfja 640
495
3
bfja-ejf 640
ecf-ejf 640
bgb-ejf 640
805
4
gjf-iaf 640
ejf-iaf 640
jd-iaf 640
ecj-iaf 640
607
5
iaf-gah 640
ici-gah 640
cjc-gah 640
cdd-gah 640
fac-gah 640
1515
2
efe-bfbf 640
bdga-bfbf 640
928
6
hhe-jci 640
gih-jci 640
bfbf-jci 640
fb-jci 640
beia-jci 640
fch-jci 640
637
4
jci-gdh 640
iih-gdh 640
if-gdh 640
bdfd-gdh 640
601
3
ca-gab 640
gdh-gab 640
ejg-gab 640
550
5
idb-ffa 640
dce-ffa 640
df-ffa 640
bfef-ffa 640
gch-ffa 640
130
6
eh-bda 640
dhg-bda 640
fbe-bda 640
ffa-bda 640
ia-bda 640
dfj-bda 640
1628
2
hje-bgci 640
bda-bgci 640
1365
2
bfbe-bdgf 640
fcc-bdgf 640
878
5
jg-ihi 640
bebh-ihi 640
bdgf-ihi 640
gjh-ihi 640
hdb-ihi 640
17
3
hjd-bh 640
ihi-bh 640
bgeh-bh 640
273
4
cjc-chd 640
dfj-chd 640
ebh-chd 640
bfbg-chd 640
496
4
ghb-ejg 640
eb-ejg 640
chd-ejg 640
feg-ejg 640
231
4
jaa-cdb 640
ejg-cdb 640
bff-cdb 640
fcf-cdb 640
970
4
efh-jha 640
bea-jha 640
jia-jha 640
ghd-jha 640
1042
5
bcac-baec 640
jha-baec 640
ccb-baec 640
hbg-baec 640
jaa-baec 640
78
3
baec-hi 640
ihf-hi 640
iba-hi 640
1161
4
jff-bbgb 640
hi-bbgb 640
hgd-bbgb 640
iic-bbgb 640
1180
3
ei-bbia 640
edb-bbia 640
ij-bbia 640
1635
1
bbia-bgdf 640
930
3
bgdf-jda 640
bdig-jda 640
cjb-jda 640
705
5
cdd-haf 640
jda-haf 640
gic-haf 640
jji-haf 640
bbcd-haf 640
38
1
haf-di 640
1174
4
gfe-bbhe 640
bbgb-bbhe 640
id-bbhe 640
fh-bbhe 640
128
7
bbc-bci 640
bbf-bci 640
fi-bci 640
bcbc-bci 640
bagb-bci 640
bbhe-bci 640
fag-bci 640
742
4
bdhc-hec 640
bfjg-hec 640
fai-hec 640
bdda-hec 640
1429
2
hec-becj 640
bdbi-becj 640
216
4
hjj-cbg 640
bbfi-cbg 640
bdg-cbg 640
becj-cbg 640
697
3
cje-gjh 640
cbg-gjh 640
dfd-gjh 640
52
5
bcj-fc 640
bfch-fc 640
jb-fc 640
fif-fc 640
eab-fc 640
714
3
edh-hbe 640
fji-hbe 640
fc-hbe 640
1345
2
hbe-bdef 640
bbeg-bdef 640
373
6
fhc-dhd 640
cdi-dhd 640
dgh-dhd 640
baeg-dhd 640
ije-dhd 640
hfh-dhd 640
836
4
ic-idg 640
bagf-idg 640
bfi-idg 640
dhd-idg 640
1253
3
idg-bcfd 640
jeh-bcfd 640
beie-bcfd 640
830
5
bhf-ida 640
bcfd-ida 640
jbh-ida 640
ehj-ida 640
hee-ida 640
1234
5
bcha-bcde 640
cba-bcde 640
beje-bcde 640
baji-bcde 640
gic-bcde 640
609
2
bcde-gaj 640
di-gaj 640
1521
3
gfa-bfcb 640
gaj-bfcb 640
bbba-bfcb 640
571
5
beaa-fhb 640
bfcb-fhb 640
hfe-fhb 640
feb-fhb 640
beeb-fhb 640
724
7
dha-hce 640
beaf-hce 640
eab-hce 640
bde-hce 640
bchf-hce 640
ejf-hce 640
gfj-hce 640
1425
2
hce-becf 640
fed-becf 640
820
5
becf-ica 640
edc-ica 640
jde-ica 640
dgi-ica 640
bcfh-ica 640
1290
3
hhd-bcja 640
ica-bcja 640
bbfi-bcja 640
285
8
bcja-cif 640
dgb-cif 640
dae-cif 640
idd-cif 640
bbai-cif 640
dcb-cif 640
gfe-cif 640
baed-cif 640
139
6
igb-bdj 640
hhc-bdj 640
bbbh-bdj 640
jfe-bdj 640
igg-bdj 640
geh-bdj 640
1368
2
bdjb-bdgi 640
bdj-bdgi 640
1463
1
bdgi-begd 640
548
6
begd-fei 640
eeg-fei 640
bcgi-fei 640
fbi-fei 640
ffc-fei 640
dbc-fei 640
807
2
dad-iah 640
fei-iah 640
1485
3
cii-beif 640
gab-beif 640
hfb-beif 640
1561
2
beif-bfgb 640
bcfj-bfgb 640
954
4
bcif-jfe 640
bfgb-jfe 640
c-jfe 640
egf-jfe 640
1220
4
fb-bcca 640
bdhj-bcca 640
jfe-bcca 640
behj-bcca 640
640
4
cda-gea 640
eaa-gea 640
edi-gea 640
dea-gea 640
135
6
gbf-bdf 640
gea-bdf 640
hcg-bdf 640
bbab-bdf 640
hc-bdf 640
bhe-bdf 640
1203
3
hcd-bcad 640
bdf-bcad 640
bgcb-bcad 640
456
4
bcad-efg 640
bbj-efg 640
iib-efg 640
fii-efg 640
1436
1
jbg-bedg 640
1077
4
hea-bahh 640
bedg-bahh 640
jab-bahh 640
bahg-bahh 640
136
7
djj-bdg 640
dhi-bdg 640
cha-bdg 640
ch-bdg 640
bbij-bdg 640
jdg-bdg 640
bahh-bdg 640
445
5
bie-eef 640
bdcd-eef 640
jad-eef 640
bdg-eef 640
dej-eef 640
286
5
hbj-cig 640
hdd-cig 640
dge-cig 640
eef-cig 640
bbac-cig 640
1415
2
bbfj-bebf 640
ghb-bebf 640
840
4
chb-iea 640
bebf-iea 640
eeb-iea 640
bij-iea 640
1543
2
iea-bfed 640
iia-bfed 640
572
5
bfed-fhc 640
bgea-fhc 640
hch-fhc 640
bbi-fhc 640
ijj-fhc 640
1125
2
fhc-bbcf 640
bbae-bbcf 640
407
5
eca-eah 640
gdj-eah 640
bbcf-eah 640
bcaj-eah 640
cgd-eah 640
1434
2
hf-bede 640
bbda-bede 640
1065
2
bgd-bagf 640
bede-bagf 640
37
4
db-dh 640
gcd-dh 640
hha-dh 640
bagf-dh 640
414
5
dgb-ebe 640
hfg-ebe 640
df-ebe 640
ebb-ebe 640
bfhc-ebe 640
1450
2
ebe-befa 640
cbc-befa 640
958
4
befa-jfi 640
eib-jfi 640
bbj-jfi 640
dii-jfi 640
284
3
jfi-cie 640
bih-cie 640
gg-cie 640
257
7
baj-cfh 640
cie-cfh 640
fjh-cfh 640
bbee-cfh 640
cid-cfh 640
gbg-cfh 640
bee-cfh 640
791
3
cfh-hjb 640
cbb-hjb 640
bde-hjb 640
261
4
gdf-cgb 640
deb-cgb 640
da-cgb 640
dhd-cgb 640
1302
2
gba-bdac 640
cgb-bdac 640
1562
1
bdac-bfgc 640
63
5
dai-gd 640
daj-gd 640
bfgc-gd 640
cfj-gd 640
icd-gd 640
1232
4
bfga-bcdc 640
bccd-bcdc 640
ghb-bcdc 640
bcj-bcdc 640
1523
3
bcdc-bfcd 640
ggc-bfcd 640
bdbj-bfcd 640
960
5
bagg-jga 640
fdf-jga 640
bfcd-jga 640
bfcf-jga 640
bfab-jga 640
420
5
eh-eca 640
dhi-eca 640
jff-eca 640
dbf-eca 640
jga-eca 640
275
5
did-chf 640
ehb-chf 640
eca-chf 640
fch-chf 640
hfb-chf 640
112
4
chf-bbc 640
jje-bbc 640
dgb-bbc 640
gbg-bbc 640
819
4
hae-ibj 640
dfd-ibj 640
bbcd-ibj 640
bbdb-ibj 640
1321
2
ibj-bdcb 640
cii-bdcb 640
305
7
bdcb-daf 640
jae-daf 640
cha-daf 640
fbb-daf 640
badi-daf 640
bddb-daf 640
bdag-daf 640
96
3
beb-jg 640
ec-jg 640
daf-jg 640
647
4
iai-geh 640
gah-geh 640
bjh-geh 640
jg-geh 640
1048
4
bcig-baei 640
bhc-baei 640
bagg-baei 640
chj-baei 640
503
6
dih-fad 640
iej-fad 640
fgd-fad 640
baei-fad 640
cfh-fad 640
bdjg-fad 640
1418
1
fad-bebi 640
1276
4
hga-bchg 640
hhj-bchg 640
bebi-bchg 640
idc-bchg 640
122
5
jg-bcc 640
hgb-bcc 640
bbab-bcc 640
bebg-bcc 640
bbff-bcc 640
1422
2
haf-becc 640
bcc-becc 640
1358
2
becc-bdfi 640
jcf-bdfi 640
1536
1
bdfi-bfdg 640
220
5
ihg-cca 640
bbdb-cca 640
ehi-cca 640
eea-cca 640
bbi-cca 640
1342
4
cca-bdec 640
bfaf-bdec 640
bfeg-bdec 640
ida-bdec 640
1537
1
bdec-bfdh 640
1471
1
bfdh-behb 640
692
5
hji-gjc 640
hg-gjc 640
gbe-gjc 640
ca-gjc 640
behb-gjc 640
1076
2
gjc-bahg 640
bgc-bahg 640
178
5
eaj-bhi 640
gbb-bhi 640
ibh-bhi 640
cdb-bhi 640
bacb-bhi 640
217
5
bfg-cbh 640
bhi-cbh 640
caj-cbh 640
jhi-cbh 640
ej-cbh 640
1172
3
bca-bbhc 640
jdi-bbhc 640
cbh-bbhc 640
300
6
edd-daa 640
fh-daa 640
bbhc-daa 640
ih-daa 640
bfde-daa 640
jjb-daa 640
174
5
daa-bhe 640
ebi-bhe 640
cfe-bhe 640
chd-bhe 640
bgj-bhe 640
1021
6
jg-bacb 640
jce-bacb 640
jhb-bacb 640
bgbj-bacb 640
heb-bacb 640
bcje-bacb 640
1190
2
bacb-bbja 640
fec-bbja 640
237
3
bbja-cdh 640
gfd-cdh 640
gd-cdh 640
622
8
ejb-gcc 640
cdh-gcc 640
iie-gcc 640
baee-gcc 640
baad-gcc 640
gaj-gcc 640
bafc-gcc 640
bbii-gcc 640
526
4
gcc-fcg 640
eig-fcg 640
bbe-fcg 640
bcah-fcg 640
443
4
fcg-eed 640
jhc-eed 640
iaa-eed 640
gcd-eed 640
1207
1
eed-bcah 640
349
4
fda-dej 640
bcah-dej 640
babg-dej 640
dif-dej 640
767
2
dej-hgh 640
deg-hgh 640
358
3
egd-dfi 640
hgh-dfi 640
baac-dfi 640
810
5
bcb-iba 640
ejb-iba 640
bafb-iba 640
bbbj-iba 640
bbba-iba 640
176
6
cfi-bhg 640
baf-bhg 640
cdi-bhg 640
babb-bhg 640
bci-bhg 640
iga-bhg 640
699
4
hhe-gjj 640
iii-gjj 640
cg-gjj 640
fbi-gjj 640
219
5
db-cbj 640
hi-cbj 640
jec-cbj 640
dcf-cbj 640
gjj-cbj 640
1619
1
cbj-bgbj 640
1408
1
ida-beai 640
14
4
babg-be 640
beai-be 640
fec-be 640
bbbj-be 640
838
5
baeh-idi 640
hhc-idi 640
bgfa-idi 640
ech-idi 640
bbdd-idi 640
655
7
ehe-gff 640
idi-gff 640
jbi-gff 640
eci-gff 640
bga-gff 640
egf-gff 640
hh-gff 640
561
3
gff-fgb 640
dba-fgb 640
eei-fgb 640
880
3
fid-iia 640
hfh-iia 640
fgb-iia 640
631
4
eah-gdb 640
bdci-gdb 640
bbg-gdb 640
cb-gdb 640
1073
6
behd-bahd 640
dii-bahd 640
efa-bahd 640
bcgf-bahd 640
beij-bahd 640
dbb-bahd 640
721
5
bdfa-hcb 640
bahd-hcb 640
cha-hcb 640
jba-hcb 640
ffe-hcb 640
1578
1
ice-bfhi 640
759
3
bfhi-hfj 640
gaa-hfj 640
jfc-hfj 640
798
3
bba-hji 640
iac-hji 640
hfj-hji 640
558
5
gaj-ffi 640
cif-ffi 640
bcdd-ffi 640
fed-ffi 640
cdj-ffi 640
434
4
jh-ede 640
ejb-ede 640
jbb-ede 640
ffi-ede 640
218
2
ede-cbi 640
ebh-cbi 640
537
7
deb-fdh 640
bcjh-fdh 640
ffa-fdh 640
cdc-fdh 640
hjd-fdh 640
gf-fdh 640
cjd-fdh 640
517
6
bc-fbh 640
hca-fbh 640
fdh-fbh 640
bcjg-fbh 640
fgb-fbh 640
ib-fbh 640
1366
1
fbh-bdgg 640
795
3
edj-hjf 640
beji-hjf 640
gid-hjf 640
854
3
dad-ife 640
bbdj-ife 640
hjf-ife 640
828
3
dfa-ici 640
cj-ici 640
jc-ici 640
389
5
cga-dij 640
bacf-dij 640
ici-dij 640
eai-dij 640
hhe-dij 640
913
3
dij-jbd 640
bgh-jbd 640
bfad-jbd 640
1273
2
bdaf-bchd 640
jbd-bchd 640
1391
1
bchd-bdjb 640
453
3
igj-efd 640
iac-efd 640
fei-efd 640
68
3
cbe-gi 640
ch-gi 640
bcff-gi 640
170
6
bff-bha 640
bde-bha 640
ddd-bha 640
bi-bha 640
gi-bha 640
edd-bha 640
666
4
bih-ggg 640
dij-ggg 640
die-ggg 640
caf-ggg 640
71
2
iaa-hb 640
efh-hb 640
1378
3
hb-bdhi 640
ccf-bdhi 640
ihe-bdhi 640
1660
1
bdhi-bgga 640
1565
2
bgga-bfgf 640
eig-bfgf 640
1188
2
bfgf-bbii 640
jhc-bbii 640
1423
2
fba-becd 640
bbii-becd 640
1443
3
bfih-beed 640
becd-beed 640
dgj-beed 640
448
5
beed-eei 640
haj-eei 640
fii-eei 640
bih-eei 640
ejc-eei 640
166
6
babe-bgg 640
heh-bgg 640
id-bgg 640
bdde-bgg 640
ehg-bgg 640
bcaa-bgg 640
1080
3
jif-baia 640
gaf-baia 640
bgg-baia 640
907
6
cfe-jah 640
fie-jah 640
bchh-jah 640
bajg-jah 640
baia-jah 640
bcif-jah 640
299
6
bgh-cjj 640
jah-cjj 640
fci-cjj 640
cc-cjj 640
bfeb-cjj 640
bcie-cjj 640
683
2
ddg-gid 640
cjj-gid 640
1022
3
hbc-bacc 640
gdb-bacc 640
feg-bacc 640
278
6
jeh-chi 640
cee-chi 640
hga-chi 640
bbc-chi 640
ibj-chi 640
bbea-chi 640
704
5
chi-hae 640
hea-hae 640
idb-hae 640
ije-hae 640
bbic-hae 640
1359
2
bbjf-bdfj 640
hae-bdfj 640
1049
4
bdij-baej 640
bbhh-baej 640
bdfj-baej 640
hih-baej 640
1364
1
baej-bdge 640
906
3
cbc-jag 640
cg-jag 640
bdij-jag 640
24
3
jag-ce 640
ef-ce 640
jgf-ce 640
1145
4
fjf-bbef 640
badd-bbef 640
ce-bbef 640
fjb-bbef 640
1235
1
bbef-bcdf 640
461
6
hic-egb 640
efi-egb 640
bcdf-egb 640
cdg-egb 640
jg-egb 640
fdb-egb 640
1221
3
bcag-bccb 640
cid-bccb 640
egb-bccb 640
210
4
bfi-cba 640
bbjf-cba 640
bccb-cba 640
bgdd-cba 640
1343
2
bbbi-bded 640
befd-bded 640
980
7
baac-jia 640
hdd-jia 640
baca-jia 640
bje-jia 640
ddg-jia 640
bded-jia 640
ecc-jia 640
40
5
fda-ea 640
eee-ea 640
cgg-ea 640
jjh-ea 640
jff-ea 640
845
4
bbah-ief 640
hag-ief 640
bfc-ief 640
ea-ief 640
340
6
ebe-dea 640
edh-dea 640
ief-dea 640
bgi-dea 640
ejd-dea 640
dia-dea 640
1409
2
bcea-beaj 640
dea-beaj 640
394
7
beaj-dje 640
bbj-dje 640
dbi-dje 640
ddc-dje 640
hag-dje 640
he-dje 640
dbh-dje 640
1483
2
bdje-beid 640
iai-beid 640
672
8
beid-ghc 640
jjf-ghc 640
fea-ghc 640
fhi-ghc 640
cib-ghc 640
bch-ghc 640
begg-ghc 640
efi-ghc 640
111
4
bdh-bbb 640
edb-bbb 640
d-bbb 640
fdh-bbb 640
1482
3
bbb-beic 640
dg-beic 640
ec-beic 640
1634
1
beic-bgde 640
1478
2
bgde-behi 640
bjh-behi 640
896
2
ig-ijg 640
behi-ijg 640
1351
2
icf-bdfb 640
ijg-bdfb 640
813
2
bgcj-ibd 640
bdhd-ibd 640
962
5
cfa-jgc 640
ibd-jgc 640
ied-jgc 640
babj-jgc 640
bba-jgc 640
419
5
ghd-ebj 640
djj-ebj 640
ehi-ebj 640
igf-ebj 640
jgc-ebj 640
1014
3
ije-babe 640
dbj-babe 640
ebj-babe 640
717
3
ci-hbh 640
babe-hbh 640
dbj-hbh 640
1371
2
haf-bdhb 640
hbh-bdhb 640
250
5
bdhb-cfa 640
ice-cfa 640
gei-cfa 640
eb-cfa 640
hdi-cfa 640
1640
1
bcia-bgea 640
117
3
gjh-bbh 640
ehi-bbh 640
bacc-bbh 640
849
2
bdi-iej 640
bbh-iej 640
32
6
iej-dc 640
jbf-dc 640
ifh-dc 640
bbgj-dc 640
ecg-dc 640
iag-dc 640
1340
1
dc-bdea 640
268
5
fdh-cgi 640
ia-cgi 640
djh-cgi 640
baaa-cgi 640
daf-cgi 640
788
4
jaj-hii 640
fej-hii 640
cgi-hii 640
djb-hii 640
355
5
ife-dff 640
heg-dff 640
hii-dff 640
jha-dff 640
gie-dff 640
1616
1
dff-bgbg 640
228
3
haf-cci 640
bgbg-cci 640
bbfd-cci 640
1406
1
cci-beag 640
1012
5
ege-babc 640
jga-babc 640
baif-babc 640
if-babc 640
beag-babc 640
953
2
babc-jfd 640
fbd-jfd 640
478
3
jfd-ehi 640
fef-ehi 640
bbeg-ehi 640
1587
1
cif-bfih 640
1061
2
fhb-bagb 640
bcgd-bagb 640
1374
4
baia-bdhe 640
bagb-bdhe 640
ecc-bdhe 640
jjj-bdhe 640
959
5
bdhe-jfj 640
eac-jfj 640
jfa-jfj 640
bcc-jfj 640
bcaj-jfj 640
423
3
dha-ecd 640
fba-ecd 640
jfj-ecd 640
961
1
ecd-jgb 640
952
3
egb-jfc 640
jgb-jfc 640
cgh-jfc 640
79
2
jfc-hj 640
gfg-hj 640
1202
3
had-bcac 640
fa-bcac 640
hac-bcac 640
1033
3
gh-badd 640
jc-badd 640
bcac-badd 640
1609
1
egb-bgaj 640
582
6
hgg-fic 640
cea-fic 640
bgaj-fic 640
ifh-fic 640
ijd-fic 640
cif-fic 640
18
5
babg-bi 640
bc-bi 640
feh-bi 640
hej-bi 640
fic-bi 640
1230
3
ijd-bcda 640
dh-bcda 640
beii-bcda 640
1205
3
jh-bcaf 640
bcda-bcaf 640
bbha-bcaf 640
1650
1
bddj-bgfa 640
98
5
gbe-ji 640
beaa-ji 640
bccj-ji 640
bdjh-ji 640
idd-ji 640
1141
5
bbde-bbeb 640
ji-bbeb 640
ihd-bbeb 640
bbae-bbeb 640
bffc-bbeb 640
1231
3
bddd-bcdb 640
baci-bcdb 640
bbeb-bcdb 640
454
2
ija-efe 640
bcdb-efe 640
85
2
bcge-if 640
bfce-if 640
1010
5
bbfb-baba 640
jdf-baba 640
dfi-baba 640
ehi-baba 640
haj-baba 640
504
4
fej-fae 640
bdia-fae 640
fje-fae 640
baba-fae 640
1286
1
fae-bcig 640
831
7
fce-idb 640
cii-idb 640
jcb-idb 640
cdh-idb 640
bfjd-idb 640
ghi-idb 640
bach-idb 640
158
7
gaa-bfi 640
jhe-bfi 640
ich-bfi 640
idg-bfi 640
bacf-bfi 640
bgci-bfi 640
ecj-bfi 640
1574
1
bfi-bfhe 640
1614
1
bfhe-bgbe 640
144
4
bbej-bee 640
dfg-bee 640
gjd-bee 640
bgbe-bee 640
400
7
bee-eaa 640
hbg-eaa 640
jbb-eaa 640
bif-eaa 640
hjj-eaa 640
eji-eaa 640
ghi-eaa 640
726
4
baed-hcg 640
ja-hcg 640
ibf-hcg 640
jjg-hcg 640
212
2
bcdg-cbc 640
efg-cbc 640
560
8
bhe-fga 640
bbhg-fga 640
igi-fga 640
eae-fga 640
cie-fga 640
ceb-fga 640
gei-fga 640
bdib-fga 640
1442
1
jba-beec 640
409
4
dfj-eaj 640
jfa-eaj 640
eae-eaj 640
beec-eaj 640
60
6
eah-ga 640
dac-ga 640
fga-ga 640
cih-ga 640
bi-ga 640
cg-ga 640
225
7
jeg-ccf 640
ga-ccf 640
ghd-ccf 640
hcc-ccf 640
dca-ccf 640
ihi-ccf 640
bfdd-ccf 640
918
2
bdcc-jbi 640
hai-jbi 640
320
5
jbi-dca 640
bda-dca 640
badg-dca 640
a-dca 640
bdii-dca 640
190
3
dca-bja 640
ded-bja 640
dig-bja 640
460
8
jca-ega 640
bac-ega 640
bbac-ega 640
cgd-ega 640
feh-ega 640
cbg-ega 640
bja-ega 640
icf-ega 640
1641
1
ega-bgeb 640
856
3
jci-ifg 640
bgeb-ifg 640
be-ifg 640
1032
3
ifg-badc 640
hfg-badc 640
cad-badc 640
687
5
fic-gih 640
badc-gih 640
bbfb-gih 640
baai-gih 640
die-gih 640
985
4
dge-jif 640
bdih-jif 640
hah-jif 640
bb-jif 640
1134
1
jif-bbde 640
979
1
eei-jhj 640
651
4
bcbi-gfb 640
g-gfb 640
gfj-gfb 640
jhj-gfb 640
782
4
chh-hic 640
dcc-hic 640
dhd-hic 640
bgcf-hic 640
195
6
ecg-bjf 640
hic-bjf 640
hii-bjf 640
hie-bjf 640
baff-bjf 640
bccc-bjf 640
455
5
fff-eff 640
jge-eff 640
bjf-eff 640
hgf-eff 640
bbed-eff 640
1444
2
hhc-beee 640
eff-beee 640
1177
2
bcjf-bbhh 640
beee-bbhh 640
1386
2
bajc-bdig 640
bdge-bdig 640
944
4
cfg-jee 640
ceg-jee 640
hjb-jee 640
ej-jee 640
723
5
ghf-hcd 640
bdhb-hcd 640
bgi-hcd 640
hhf-hcd 640
jee-hcd 640
427
5
jjc-ech 640
hcd-ech 640
bajd-ech 640
dbh-ech 640
fcf-ech 640
671
6
ccg-ghb 640
bbfg-ghb 640
bgae-ghb 640
bgef-ghb 640
bbff-ghb 640
idb-ghb 640
193
3
bij-bjd 640
ghb-bjd 640
hdg-bjd 640
745
5
bfch-hef 640
bge-hef 640
bjd-hef 640
gha-hef 640
beg-hef 640
1059
3
gfi-bafj 640
bcag-bafj 640
hef-bafj 640
1212
5
bbai-bcbc 640
bafj-bcbc 640
ef-bcbc 640
bcij-bcbc 640
dbe-bcbc 640
679
5
bcbc-ghj 640
hec-ghj 640
fcd-ghj 640
fdb-ghj 640
eig-ghj 640
569
4
gbh-fgj 640
egh-fgj 640
ghj-fgj 640
bdc-fgj 640
794
2
bdja-hje 640
fgj-hje 640
1642
2
djd-bgec 640
bacg-bgec 640
1280
5
baid-bcia 640
hid-bcia 640
bgec-bcia 640
hhg-bcia 640
ibc-bcia 640
311
4
dfc-dbb 640
eaa-dbb 640
dgi-dbb 640
cjb-dbb 640
636
5
gfd-gdg 640
bajh-gdg 640
hag-gdg 640
bddj-gdg 640
db-gdg 640
1051
4
baah-bafb 640
gdg-bafb 640
bcji-bafb 640
bbbd-bafb 640
205
2
gag-caf 640
bafb-caf 640
879
2
cef-ihj 640
caf-ihj 640
1563
1
ihj-bfgd 640
1281
4
dde-bcib 640
bje-bcib 640
bdcc-bcib 640
bfgd-bcib 640
304
4
fce-dae 640
ebf-dae 640
baaa-dae 640
bcib-dae 640
1510
1
bdgg-bfba 640
1658
1
bie-bgfi 640
88
6
dgc-ii 640
bgfi-ii 640
bacd-ii 640
bacj-ii 640
chf-ii 640
eig-ii 640
1192
2
bbha-bbjc 640
ii-bbjc 640
61
2
bbeb-gb 640
bbjc-gb 640
55
7
ic-ff 640
bed-ff 640
gb-ff 640
bdf-ff 640
cje-ff 640
dbd-ff 640
bdcg-ff 640
617
2
dje-gbh 640
ff-gbh 640
735
5
bbha-hdf 640
bcfg-hdf 640
fad-hdf 640
dci-hdf 640
gbh-hdf 640
592
5
cie-fjc 640
baee-fjc 640
dbg-fjc 640
hdf-fjc 640
bcff-fjc 640
1252
1
cig-bcfc 640
1104
6
bcfc-bbae 640
gc-bbae 640
bgba-bbae 640
eah-bbae 640
gid-bbae 640
hg-bbae 640
1477
1
bcgg-behh 640
1514
1
behh-bfbe 640
249
8
ef-cej 640
dif-cej 640
bbee-cej 640
jej-cej 640
bda-cej 640
gig-cej 640
bbeg-cej 640
bh-cej 640
402
5
jhi-eac 640
big-eac 640
cej-eac 640
bcc-eac 640
bagg-eac 640
25
4
def-cf 640
eac-cf 640
fhg-cf 640
bbci-cf 640
853
4
bbhd-ifd 640
ijh-ifd 640
cf-ifd 640
bah-ifd 640
465
4
eae-egf 640
cha-egf 640
ifd-egf 640
fge-egf 640
689
5
ehh-gij 640
bei-gij 640
ibd-gij 640
ehf-gij 640
fgh-gij 640
343
5
bdbb-ded 640
ddc-ded 640
jab-ded 640
ihf-ded 640
gij-ded 640
1575
2
ded-bfhf 640
jjj-bfhf 640
1266
2
bfhf-bcgg 640
beej-bcgg 640
116
6
gdc-bbg 640
bbbj-bbg 640
cbd-bbg 640
eg-bbg 640
iff-bbg 640
eba-bbg 640
760
2
bbg-hga 640
fdb-hga 640
1169
4
eah-bbgj 640
bejh-bbgj 640
hjc-bbgj 640
bbcj-bbgj 640
1375
2
bcdh-bdhf 640
bfae-bdhf 640
1322
2
iig-bdcc 640
bdhf-bdcc 640
489
5
dfg-eij 640
bje-eij 640
dcc-eij 640
jae-eij 640
ief-eij 640
335
7
chf-ddf 640
eij-ddf 640
id-ddf 640
eb-ddf 640
bei-ddf 640
jh-ddf 640
fcf-ddf 640
1535
1
ddf-bfdf 640
1397
2
bfdf-bdjh 640
baj-bdjh 640
235
5
fjc-cdf 640
badh-cdf 640
dfa-cdf 640
bhj-cdf 640
iee-cdf 640
804
5
cib-iae 640
cjg-iae 640
cdf-iae 640
fjd-iae 640
bcd-iae 640
968
2
iae-jgi 640
gjf-jgi 640
1168
4
jgi-bbgi 640
jab-bbgi 640
bdgi-bbgi 640
bfi-bbgi 640
1095
5
bcje-bajf 640
jcd-bajf 640
jeb-bajf 640
eca-bajf 640
bbgi-bajf 640
1099
3
eci-bajj 640
bajf-bajj 640
ejh-bajj 640
975
4
bajj-jhf 640
fch-jhf 640
gid-jhf 640
behe-jhf 640
1064
4
jhf-bage 640
bbcj-bage 640
jfb-bage 640
babh-bage 640
806
4
ejg-iag 640
bage-iag 640
begg-iag 640
ihd-iag 640
316
3
iag-dbg 640
ffg-dbg 640
dab-dbg 640
372
7
ccd-dhc 640
dbg-dhc 640
dfg-dhc 640
jii-dhc 640
bbed-dhc 640
bbce-dhc 640
bdab-dhc 640
1529
2
dif-bfcj 640
gh-bfcj 640
646
4
cie-geg 640
bfcj-geg 640
gaj-geg 640
baaa-geg 640
8
3
geg-i 640
gie-i 640
bahi-i 640
965
5
fbf-jgf 640
fjd-jgf 640
hhj-jgf 640
bhg-jgf 640
i-jgf 640
1534
1
jgf-bfde 640
1601
1
fga-bgab 640
1113
3
baec-bbbd 640
bbh-bbbd 640
bgab-bbbd 640
256
4
ej-cfg 640
bbdg-cfg 640
bfdb-cfg 640
gic-cfg 640
1229
5
dci-bccj 640
cfg-bccj 640
bg-bccj 640
gbe-bccj 640
hci-bccj 640
1114
3
bccj-bbbe 640
dhj-bbbe 640
bcc-bbbe 640
846
5
ebg-ieg 640
ffh-ieg 640
idd-ieg 640
fjj-ieg 640
hcd-ieg 640
695
3
ieg-gjf 640
dig-gjf 640
hdh-gjf 640
564
2
ibf-fge 640
gjf-fge 640
439
3
cfb-edj 640
egj-edj 640
egf-edj 640
1621
1
icd-bgcb 640
1388
2
fbg-bdii 640
cch-bdii 640
1184
3
bbhj-bbie 640
def-bbie 640
dee-bbie 640
841
3
bdaj-ieb 640
fhb-ieb 640
bbie-ieb 640
541
6
dfh-feb 640
cid-feb 640
ibd-feb 640
ih-feb 640
hgh-feb 640
ieb-feb 640
1329
2
feb-bdcj 640
jjc-bdcj 640
1041
4
fd-baeb 640
bbaf-baeb 640
bdcj-baeb 640
iag-baeb 640
881
5
baeb-iib 640
cfb-iib 640
id-iib 640
chd-iib 640
bafa-iib 640
1084
5
chg-baie 640
bade-baie 640
efc-baie 640
iaf-baie 640
bai-baie 640
916
5
ehd-jbg 640
baie-jbg 640
igc-jbg 640
bjd-jbg 640
bdid-jbg 640
1659
1
eef-bgfj 640
983
4
bgfj-jid 640
bdgd-jid 640
cag-jid 640
jff-jid 640
799
7
beea-hjj 640
fgd-hjj 640
cjf-hjj 640
bace-hjj 640
bgc-hjj 640
gah-hjj 640
fe-hjj 640
754
4
gac-hfe 640
bahd-hfe 640
ejg-hfe 640
dfb-hfe 640
418
3
ebd-ebi 640
ebc-ebi 640
hfe-ebi 640
397
9
cjc-djh 640
gai-djh 640
gdg-djh 640
ebi-djh 640
bdef-djh 640
bif-djh 640
beca-djh 640
djb-djh 640
bdh-djh 640
1011
3
ggi-babb 640
djh-babb 640
edh-babb 640
817
3
bahj-ibh 640
eja-ibh 640
babb-ibh 640
1577
1
ibh-bfhh 640
1430
3
bfhh-beda 640
cbd-beda 640
bc-beda 640
893
3
beda-ijd 640
hfi-ijd 640
gdh-ijd 640
1487
2
dcc-beih 640
ijd-beih 640
758
3
eci-hfi 640
beih-hfi 640
heb-hfi 640
821
3
fhj-icb 640
hfi-icb 640
fib-icb 640
546
6
ijc-feg 640
bcgj-feg 640
ihh-feg 640
bd-feg 640
hgh-feg 640
bi-feg 640
926
3
ggg-jcg 640
cfj-jcg 640
babe-jcg 640
800
6
cij-iaa 640
deb-iaa 640
ead-iaa 640
eef-iaa 640
jcg-iaa 640
dhc-iaa 640
518
5
bjb-fbi 640
cfg-fbi 640
eah-fbi 640
dcc-fbi 640
ebf-fbi 640
1501
1
fbi-bfab 640
375
5
ich-dhf 640
ebj-dhf 640
bcf-dhf 640
cjd-dhf 640
baga-dhf 640
430
7
igj-eda 640
dgb-eda 640
eai-eda 640
bbdb-eda 640
hbd-eda 640
dhf-eda 640
bdcg-eda 640
1559
1
eda-bffj 640
957
5
fdf-jfh 640
ddc-jfh 640
eij-jfh 640
gfb-jfh 640
bffj-jfh 640
1250
2
djh-bcfa 640
jfh-bcfa 640
1100
3
bcfa-bbaa 640
beeg-bbaa 640
ghb-bbaa 640
583
6
bbaa-fid 640
hh-fid 640
gif-fid 640
fh-fid 640
cih-fid 640
cdd-fid 640
1455
2
hc-beff 640
fid-beff 640
764
3
efg-hge 640
jdc-hge 640
beff-hge 640
685
4
hge-gif 640
bcdi-gif 640
bcig-gif 640
jea-gif 640
1653
2
ddb-bgfd 640
gif-bgfd 640
614
1
bgfd-gbe 640
199
4
baad-bjj 640
edg-bjj 640
jhe-bjj 640
gci-bjj 640
826
3
bjj-icg 640
bcdi-icg 640
gcg-icg 640
417
3
hdg-ebh 640
bahf-ebh 640
icg-ebh 640
1435
2
ebh-bedf 640
djf-bedf 640
719
2
bedf-hbj 640
jge-hbj 640
887
1
hbj-iih 640
481
4
bbbe-eib 640
dg-eib 640
bcji-eib 640
iih-eib 640
356
3
eib-dfg 640
dhf-dfg 640
cdj-dfg 640
568
4
eeh-fgi 640
hjf-fgi 640
dfg-fgi 640
bcbi-fgi 640
426
3
fbc-ecg 640
dfa-ecg 640
bcca-ecg 640
380
4
ecg-dia 640
jcc-dia 640
bdc-dia 640
hge-dia 640
1558
1
ed-bffi 640
908
5
bbbg-jai 640
bffi-jai 640
hah-jai 640
efa-jai 640
gbj-jai 640
327
4
jai-dch 640
dh-dch 640
cjc-dch 640
bdgc-dch 640
949
3
fgj-jej 640
ehb-jej 640
dch-jej 640
1649
1
jej-bgej 640
1568
3
fea-bfgi 640
bgej-bfgi 640
bgee-bfgi 640
292
4
bada-cjc 640
db-cjc 640
bcih-cjc 640
bfgi-cjc 640
404
7
fed-eae 640
fhi-eae 640
icb-eae 640
edd-eae 640
gai-eae 640
gdc-eae 640
bic-eae 640
339
6
ecg-ddj 640
ihj-ddj 640
ehi-ddj 640
ccd-ddj 640
dia-ddj 640
haa-ddj 640
379
7
begh-dhj 640
icc-dhj 640
idf-dhj 640
fce-dhj 640
ecj-dhj 640
idc-dhj 640
ddj-dhj 640
75
4
bdbc-hf 640
dah-hf 640
da-hf 640
hie-hf 640
1460
1
gca-bega 640
476
5
edf-ehg 640
bdgh-ehg 640
cgg-ehg 640
ddb-ehg 640
hda-ehg 640
1319
4
gid-bdbj 640
dhe-bdbj 640
jfa-bdbj 640
bbci-bdbj 640
1555
1
becg-bfff 640
563
6
bie-fgd 640
dij-fgd 640
bfff-fgd 640
bfic-fgd 640
ffa-fgd 640
fb-fgd 640
1582
2
bgfg-bfic 640
igc-bfic 640
9
3
fbj-j 640
ce-j 640
heg-j 640
238
4
beha-cdi 640
deb-cdi 640
jbc-cdi 640
j-cdi 640
41
3
bbfc-eb 640
cdi-eb 640
hac-eb 640
1164
4
eb-bbge 640
ihg-bbge 640
bbff-bbge 640
ddd-bbge 640
610
5
gcb-gba 640
hgc-gba 640
bbib-gba 640
bbge-gba 640
fdi-gba 640
973
2
geb-jhd 640
gba-jhd 640
1069
2
jhd-bagj 640
bgj-bagj 640
1196
3
bagj-bbjg 640
bbfe-bbjg 640
hjb-bbjg 640
1000
1
fgi-baaa 640
384
6
fig-die 640
fea-die 640
baag-die 640
fac-die 640
jeb-die 640
dci-die 640
1211
3
hag-bcbb 640
die-bcbb 640
bdbj-bcbb 640
1149
3
fja-bbej 640
bcbb-bbej 640
fci-bbej 640
1158
3
bbej-bbfi 640
bfhb-bbfi 640
bace-bbfi 640
792
7
ifd-hjc 640
bfhe-hjc 640
bbfi-hjc 640
edj-hjc 640
hcc-hjc 640
hbi-hjc 640
gaj-hjc 640
1236
3
chc-bcdg 640
hjc-bcdg 640
jje-bcdg 640
213
8
eag-cbd 640
jej-cbd 640
jfc-cbd 640
ehe-cbd 640
chb-cbd 640
bcdc-cbd 640
bif-cbd 640
cec-cbd 640
1264
2
baih-bcge 640
bgh-bcge 640
539
2
hbh-fdj 640
bdfh-fdj 640
950
4
iec-jfa 640
fdj-jfa 640
bhe-jfa 640
chb-jfa 640
1175
3
baif-bbhf 640
dia-bbhf 640
bfec-bbhf 640
681
3
bbhf-gib 640
ehj-gib 640
cic-gib 640
315
7
gib-dbf 640
eid-dbf 640
bbcb-dbf 640
ei-dbf 640
dac-dbf 640
baad-dbf 640
gdc-dbf 640
1151
5
baji-bbfb 640
ghj-bbfb 640
bbgg-bbfb 640
bdah-bbfb 640
fgd-bbfb 640
1469
2
bbfb-begj 640
eef-begj 640
1015
2
ceg-babf 640
begj-babf 640
185
5
je-bif 640
bahf-bif 640
babf-bif 640
bgcg-bif 640
cji-bif 640
410
6
bebc-eba 640
bjj-eba 640
gih-eba 640
cee-eba 640
bif-eba 640
feb-eba 640
1362
2
bcbd-bdgc 640
eba-bdgc 640
1459
1
bdgc-befj 640
274
2
dbj-che 640
befj-che 640
240
6
jaj-cea 640
cfi-cea 640
gbi-cea 640
che-cea 640
be-cea 640
cac-cea 640
934
6
bi-jde 640
bdgi-jde 640
bcjb-jde 640
baad-jde 640
ha-jde 640
bie-jde 640
1130
3
jde-bbda 640
ehh-bbda 640
bbji-bbda 640
1086
4
edd-baig 640
ihc-baig 640
hif-baig 640
jgh-baig 640
49
3
jia-ej 640
cd-ej 640
baig-ej 640
654
3
bif-gfe 640
hfa-gfe 640
baci-gfe 640
1133
5
fgh-bbdd 640
bci-bbdd 640
gid-bbdd 640
beb-bbdd 640
eii-bbdd 640
873
4
bgei-ihd 640
behh-ihd 640
bbdd-ihd 640
fj-ihd 640
989
1
ge-jij 640
606
4
jij-gag 640
dgc-gag 640
bahg-gag 640
bcba-gag 640
1544
2
fhi-bfee 640
dae-bfee 640
1156
4
bcjh-bbfg 640
fea-bbfg 640
eee-bbfg 640
bfee-bbfg 640
97
6
bcbf-jh 640
ecj-jh 640
hib-jh 640
dai-jh 640
bbfg-jh 640
ei-jh 640
1633
3
ede-bgdd 640
bhf-bgdd 640
bffd-bgdd 640
523
4
cba-fcd 640
hib-fcd 640
ghf-fcd 640
cae-fcd 640
2
3
dgj-c 640
fcd-c 640
dgc-c 640
506
5
hcd-fag 640
bahb-fag 640
dbf-fag 640
ggd-fag 640
jif-fag 640
611
6
efh-gbb 640
cgb-gbb 640
dhf-gbb 640
becb-gbb 640
eja-gbb 640
bfjj-gbb 640
1632
1
gbb-bgdc 640
1136
3
bid-bbdg 640
bhc-bbdg 640
bgdc-bbdg 640
463
3
bdhg-egd 640
bbf-egd 640
cfa-egd 640
1585
2
caa-bfif 640
dfi-bfif 640
1055
2
hcj-baff 640
bfif-baff 640
181
3
hjj-bib 640
fhc-bib 640
eae-bib 640
1403
2
bafg-bead 640
bib-bead 640
1361
3
fca-bdgb 640
bead-bdgb 640
hig-bdgb 640
1573
1
bdgb-bfhd 640
1225
2
bfhd-bccf 640
bajb-bccf 640
1399
2
bccf-bdjj 640
cb-bdjj 640
709
1
bdjj-haj 640
1195
4
dji-bbjf 640
haj-bbjf 640
jbg-bbjf 640
fcj-bbjf 640
1626
1
cba-bgcg 640
131
8
fib-bdb 640
bhb-bdb 640
efd-bdb 640
bfc-bdb 640
djh-bdb 640
cda-bdb 640
jbg-bdb 640
deh-bdb 640
1173
4
j-bbhd 640
bced-bbhd 640
bdb-bbhd 640
ece-bbhd 640
921
4
hhf-jcb 640
ihh-jcb 640
gae-jcb 640
faj-jcb 640
578
4
bja-fhi 640
bcgj-fhi 640
jcb-fhi 640
idd-fhi 640
119
5
bbag-bbj 640
baja-bbj 640
ige-bbj 640
fag-bbj 640
eh-bbj 640
1652
1
bfjg-bgfc 640
1407
3
bche-beah 640
jie-beah 640
bgfc-beah 640
738
3
bic-hdi 640
iae-hdi 640
beah-hdi 640
543
5
fjd-fed 640
hdi-fed 640
fdh-fed 640
eac-fed 640
bbhb-fed 640
1645
1
fed-bgef 640
756
3
ij-hfg 640
gfd-hfg 640
bbac-hfg 640
842
5
hfg-iec 640
bbca-iec 640
fgf-iec 640
hfh-iec 640
iff-iec 640
1171
2
iec-bbhb 640
djd-bbhb 640
1390
2
bbhb-bdja 640
bdeb-bdja 640
470
6
cgh-eha 640
eid-eha 640
bcbi-eha 640
fgd-eha 640
bjj-eha 640
bbi-eha 640
531
4
bcga-fdb 640
def-fdb 640
eha-fdb 640
ffg-fdb 640
167
5
dbg-bgh 640
cej-bgh 640
bfgh-bgh 640
cgg-bgh 640
be-bgh 640
1357
2
bacc-bdfh 640
bege-bdfh 640
1262
2
bahc-bcgc 640
beih-bcgc 640
133
5
efa-bdd 640
bjf-bdd 640
bcgc-bdd 640
bja-bdd 640
bece-bdd 640
1214
2
bdd-bcbe 640
gda-bcbe 640
492
6
eia-ejc 640
bcbe-ejc 640
hgb-ejc 640
ggd-ejc 640
daj-ejc 640
gji-ejc 640
72
3
cif-hc 640
dbf-hc 640
ejc-hc 640
1239
1
fdb-bcdj 640
870
4
bbfe-iha 640
jfa-iha 640
hgf-iha 640
bcdj-iha 640
1029
4
ibj-bacj 640
bada-bacj 640
ib-bacj 640
iha-bacj 640
600
3
gbb-gaa 640
gie-gaa 640
bacj-gaa 640
773
4
bbd-hhd 640
gaa-hhd 640
ch-hhd 640
bdec-hhd 640
861
2
gb-igb 640
cif-igb 640
628
6
gid-gci 640
ghh-gci 640
cea-gci 640
igb-gci 640
fdc-gci 640
bga-gci 640
1556
1
gci-bffg 640
28
5
befi-ci 640
hfh-ci 640
gbg-ci 640
bffg-ci 640
hif-ci 640
344
3
fji-dee 640
cia-dee 640
dej-dee 640
345
3
jfi-def 640
ceb-def 640
bajh-def 640
236
6
bfjd-cdg 640
cid-cdg 640
bdf-cdg 640
dff-cdg 640
eif-cdg 640
gcf-cdg 640
1595
1
cdg-bfjf 640
66
5
idf-gg 640
jhg-gg 640
jdj-gg 640
bfjf-gg 640
cdh-gg 640
357
5
hg-dfh 640
fhb-dfh 640
fee-dfh 640
bbcb-dfh 640
beci-dfh 640
528
7
iei-fci 640
iba-fci 640
bbea-fci 640
dei-fci 640
fhg-fci 640
dfh-fci 640
dfd-fci 640
1182
2
befc-bbic 640
iab-bbic 640
1647
1
bece-bgeh 640
458
3
eec-efi 640
eed-efi 640
icc-efi 640
396
7
efi-djg 640
jbc-djg 640
bcc-djg 640
bceg-djg 640
baa-djg 640
cji-djg 640
hca-djg 640
547
5
bbdc-feh 640
bch-feh 640
chc-feh 640
hei-feh 640
djg-feh 640
684
3
ici-gie 640
ihe-gie 640
iih-gie 640
1288
3
jeh-bcii 640
cga-bcii 640
bafh-bcii 640
482
5
fhi-eic 640
bfef-eic 640
bdfb-eic 640
ebb-eic 640
befh-eic 640
1284
2
eic-bcie 640
bbgh-bcie 640
1142
2
cai-bbec 640
bcie-bbec 640
408
4
efh-eai 640
be-eai 640
bbec-eai 640
ffa-eai 640
1261
2
eai-bcgb 640
jae-bcgb 640
992
3
jhg-jjc 640
bcgb-jjc 640
jbg-jjc 640
1107
4
cja-bbah 640
bfjh-bbah 640
fhe-bbah 640
beci-bbah 640
1520
1
ghc-bfca 640
522
4
fjh-fcc 640
bfca-fcc 640
gbd-fcc 640
gic-fcc 640
1447
1
bdgc-beeh 640
118
8
ige-bbi 640
cbb-bbi 640
cea-bbi 640
gfd-bbi 640
ib-bbi 640
beeh-bbi 640
beb-bbi 640
bech-bbi 640
781
3
ccc-hib 640
bbi-hib 640
bbfb-hib 640
471
4
bj-ehb 640
bfc-ehb 640
hib-ehb 640
fei-ehb 640
581
3
fgb-fib 640
gjb-fib 640
bag-fib 640
362
5
bdbb-dgc 640
bc-dgc 640
fib-dgc 640
jja-dgc 640
jic-dgc 640
753
4
bad-hfd 640
bcec-hfd 640
ddc-hfd 640
eih-hfd 640
555
6
baj-fff 640
baae-fff 640
jbf-fff 640
edi-fff 640
hfd-fff 640
fgj-fff 640
83
4
gbg-id 640
ej-id 640
eab-id 640
ebd-id 640
1373
2
bcbg-bdhd 640
bae-bdhd 640
1016
3
bbdj-babg 640
bdhd-babg 640
beba-babg 640
1513
3
fia-bfbd 640
bbjd-bfbd 640
dcg-bfbd 640
621
6
bafh-gcb 640
bch-gcb 640
bfbd-gcb 640
bbbb-gcb 640
cab-gcb 640
jca-gcb 640
313
5
bdjf-dbd 640
bfg-dbd 640
bbg-dbd 640
gcb-dbd 640
ceg-dbd 640
917
3
bji-jbh 640
babf-jbh 640
dbd-jbh 640
1103
2
bbag-bbad 640
jbh-bbad 640
875
5
ijj-ihf 640
cfb-ihf 640
bbad-ihf 640
bfcc-ihf 640
eh-ihf 640
1360
4
ihf-bdga 640
begc-bdga 640
ehh-bdga 640
bafa-bdga 640
334
8
dbe-dde 640
bbj-dde 640
d-dde 640
gaa-dde 640
ejf-dde 640
ghh-dde 640
fbe-dde 640
ifj-dde 640
354
4
ejd-dfe 640
ii-dfe 640
badc-dfe 640
baac-dfe 640
1013
3
bddi-babd 640
dfe-babd 640
gec-babd 640
1451
1
babd-befb 640
732
5
cbi-hdc 640
gig-hdc 640
befb-hdc 640
bdac-hdc 640
jbf-hdc 640
519
6
fch-fbj 640
ieg-fbj 640
fdc-fbj 640
hdc-fbj 640
hb-fbj 640
beig-fbj 640
378
6
bcab-dhi 640
fhf-dhi 640
bbbb-dhi 640
ihg-dhi 640
ebh-dhi 640
fjf-dhi 640
682
5
dhi-gic 640
bbga-gic 640
bjc-gic 640
gge-gic 640
fed-gic 640
516
2
dff-fbg 640
edb-fbg 640
1039
4
bjf-badj 640
ff-badj 640
ijj-badj 640
bbhf-badj 640
945
5
badj-jef 640
bbje-jef 640
bbfe-jef 640
beh-jef 640
fad-jef 640
898
1
gd-iji 640
1301
2
iji-bdab 640
bdib-bdab 640
1394
3
bbjb-bdje 640
cge-bdje 640
bacj-bdje 640
801
3
cdh-iab 640
ech-iab 640
bdbh-iab 640
1027
3
baag-bach 640
fdd-bach 640
bih-bach 640
1638
2
bach-bgdi 640
jdi-bgdi 640
1369
2
hhh-bdgj 640
bgdi-bdgj 640
645
3
dfi-gef 640
gfh-gef 640
bdgj-gef 640
591
9
gef-fjb 640
caa-fjb 640
cij-fjb 640
cja-fjb 640
hc-fjb 640
hae-fjb 640
egg-fjb 640
gcg-fjb 640
bggb-fjb 640
706
6
bcgb-hag 640
hje-hag 640
beje-hag 640
dfg-hag 640
ecj-hag 640
dic-hag 640
867
1
hag-igh 640
1020
1
igh-baca 640
1213
1
baca-bcbd 640
281
5
bcce-cib 640
bdhb-cib 640
bdhh-cib 640
hh-cib 640
eha-cib 640
1102
4
dce-bbac 640
iif-bbac 640
fed-bbac 640
bejd-bbac 640
411
7
fac-ebb 640
iij-ebb 640
ebg-ebb 640
fff-ebb 640
beb-ebb 640
ffd-ebb 640
ggb-ebb 640
545
5
bbfh-fef 640
bdad-fef 640
dfe-fef 640
je-fef 640
bfdg-fef 640
793
2
bbd-hjd 640
fef-hjd 640
1228
2
bcae-bcci 640
hjd-bcci 640
999
3
baea-jjj 640
edg-jjj 640
bcci-jjj 640
1006
5
jci-baag 640
ffj-baag 640
beja-baag 640
fc-baag 640
cdc-baag 640
360
5
cb-dga 640
bcdg-dga 640
g-dga 640
dgi-dga 640
fff-dga 640
1622
2
dga-bgcc 640
bdbe-bgcc 640
1070
2
bcgf-baha 640
bgcc-baha 640
1437
2
bgai-bedh 640
baha-bedh 640
1505
2
hbb-bfaf 640
bedh-bfaf 640
722
2
iee-hcc 640
cie-hcc 640
736
3
dac-hdg 640
eba-hdg 640
fjc-hdg 640
433
6
bai-edd 640
cbe-edd 640
bdh-edd 640
gag-edd 640
dfa-edd 640
ebd-edd 640
533
9
bfha-fdd 640
dfb-fdd 640
baei-fdd 640
bei-fdd 640
baif-fdd 640
eaf-fdd 640
bfie-fdd 640
edd-fdd 640
hid-fdd 640
1054
3
dhc-bafe 640
fdd-bafe 640
bgf-bafe 640
765
4
bci-hgf 640
fea-hgf 640
icd-hgf 640
bafe-hgf 640
1155
6
jig-bbff 640
hg-bbff 640
dbh-bbff 640
ihi-bbff 640
bdjd-bbff 640
fcc-bbff 640
1066
5
baie-bagg 640
hgb-bagg 640
jid-bagg 640
fcb-bagg 640
bbgh-bagg 640
1181
1
bdi-bbib 640
874
3
hdi-ihe 640
hdg-ihe 640
hdj-ihe 640
1258
1
ihe-bcfi 640
588
4
gde-fii 640
bcfh-fii 640
bagb-fii 640
haf-fii 640
1424
1
fii-bece 640
1170
2
fbe-bbha 640
begi-bbha 640
823
5
hcd-icd 640
eig-icd 640
jaj-icd 640
hj-icd 640
jaa-icd 640
749
4
cec-hej 640
ccd-hej 640
gcc-hej 640
bgbd-hej 640
1030
4
bbcf-bada 640
hej-bada 640
gdb-bada 640
ecj-bada 640
1576
2
ibi-bfhg 640
bfhi-bfhg 640
731
4
jh-hdb 640
bfhg-hdb 640
bejg-hdb 640
fei-hdb 640
1110
5
jid-bbba 640
hde-bbba 640
hdb-bbba 640
cgd-bbba 640
babb-bbba 640
1240
1
becb-bcea 640
700
4
bcea-haa 640
dg-haa 640
dbe-haa 640
bjj-haa 640
1310
1
bbch-bdba 640
1603
1
bdba-bgad 640
1462
2
ghf-begc 640
bgad-begc 640
510
4
cdi-fba 640
bge-fba 640
dii-fba 640
bbdb-fba 640
894
4
bbbj-ije 640
beef-ije 640
gda-ije 640
bef-ije 640
940
2
ef-jea 640
ije-jea 640
194
4
ecd-bje 640
cga-bje 640
dgf-bje 640
eja-bje 640
725
5
bbae-hcf 640
gad-hcf 640
cih-hcf 640
b-hcf 640
hhc-hcf 640
1441
2
bbee-beeb 640
hcf-beeb 640
931
5
cgf-jdb 640
bbaj-jdb 640
jji-jdb 640
jhc-jdb 640
hge-jdb 640
1639
1
jdb-bgdj 640
1526
3
cjc-bfcg 640
bfgg-bfcg 640
bgdj-bfcg 640
542
3
ffe-fec 640
bfij-fec 640
bfcg-fec 640
1625
1
cib-bgcf 640
1223
3
behg-bccd 640
ced-bccd 640
bfed-bccd 640
1355
1
jga-bdff 640
713
6
iah-hbd 640
jjf-hbd 640
bei-hbd 640
eij-hbd 640
bcbd-hbd 640
bdff-hbd 640
1122
2
hbd-bbcc 640
bgf-bbcc 640
214
1
bbcc-cbe 640
1527
1
bafe-bfch 640
715
3
fcf-hbf 640
jf-hbf 640
dga-hbf 640
107
6
hbf-bah 640
ifd-bah 640
gjh-bah 640
ddf-bah 640
bbcc-bah 640
deg-bah 640
1489
2
bah-beij 640
che-beij 640
825
4
fce-icf 640
bcha-icf 640
cih-icf 640
dbb-icf 640
1445
2
icf-beef 640
hhf-beef 640
1344
3
bcie-bdee 640
cgc-bdee 640
gii-bdee 640
1144
2
gcj-bbee 640
bdee-bbee 640
309
6
dhe-daj 640
dce-daj 640
fhj-daj 640
geh-daj 640
fae-daj 640
ebb-daj 640
468
4
hef-egi 640
cdi-egi 640
efa-egi 640
ghc-egi 640
1470
3
hcj-beha 640
bebd-beha 640
cji-beha 640
369
4
ghb-dgj 640
bcab-dgj 640
gg-dgj 640
bea-dgj 640
1050
5
dgj-bafa 640
hgc-bafa 640
cff-bafa 640
babe-bafa 640
jdj-bafa 640
347
4
ifa-deh 640
dj-deh 640
gcf-deh 640
iji-deh 640
590
2
edj-fja 640
cih-fja 640
619
4
eaa-gbj 640
bbfi-gbj 640
gch-gbj 640
jej-gbj 640
364
6
beaa-dge 640
hcj-dge 640
ifc-dge 640
bccf-dge 640
ef-dge 640
dc-dge 640
442
3
bha-eec 640
dge-eec 640
hci-eec 640
1509
1
bcjd-bfaj 640
1432
2
bfaj-bedc 640
baic-bedc 640
1295
4
fda-bcjf 640
dde-bcjf 640
bdjc-bcjf 640
bedc-bcjf 640
260
6
chj-cga 640
bcjf-cga 640
bhb-cga 640
cah-cga 640
chf-cga 640
cgd-cga 640
1627
1
cga-bgch 640
1206
2
babb-bcag 640
bgch-bcag 640
1496
2
bcag-bejg 640
cha-bejg 640
464
6
dib-ege 640
fdb-ege 640
bg-ege 640
ifi-ege 640
dbb-ege 640
ecb-ege 640
350
5
eai-dfa 640
ege-dfa 640
fie-dfa 640
hab-dfa 640
bfb-dfa 640
1154
2
chg-bbfe 640
bbgi-bbfe 640
511
5
jih-fbb 640
geh-fbb 640
fic-fbb 640
jgi-fbb 640
fid-fbb 640
168
8
daj-bgi 640
bhh-bgi 640
dda-bgi 640
bc-bgi 640
eij-bgi 640
baa-bgi 640
cbi-bgi 640
cej-bgi 640
365
4
bbba-dgf 640
jfj-dgf 640
bffd-dgf 640
dhf-dgf 640
12
6
hbf-bc 640
ccj-bc 640
ddf-bc 640
baid-bc 640
daa-bc 640
dgf-bc 640
768
4
hah-hgi 640
cdb-hgi 640
baai-hgi 640
baja-hgi 640
1178
2
hgi-bbhi 640
bfge-bbhi 640
374
6
dca-dhe 640
bbhi-dhe 640
bbii-dhe 640
bbhb-dhe 640
ehb-dhe 640
ieg-dhe 640
386
3
fcd-dig 640
edj-dig 640
hih-dig 640
100
4
efg-baa 640
dig-baa 640
bfg-baa 640
fhg-baa 640
337
4
baa-ddh 640
ech-ddh 640
ef-ddh 640
edi-ddh 640
787
5
iaf-hih 640
bdbe-hih 640
eii-hih 640
bfg-hih 640
ddh-hih 640
1516
1
hih-bfbg 640
255
5
hda-cff 640
egj-cff 640
hjf-cff 640
ejg-cff 640
bafc-cff 640
1468
1
cff-begi 640
115
5
bej-bbf 640
fj-bbf 640
bei-bbf 640
bage-bbf 640
dfc-bbf 640
1410
3
bbcb-beba 640
bfg-beba 640
bbf-beba 640
222
3
eag-ccc 640
jfh-ccc 640
bcda-ccc 640
363
7
feh-dgd 640
ebc-dgd 640
bbjf-dgd 640
bfa-dgd 640
badi-dgd 640
ifb-dgd 640
bajj-dgd 640
1506
2
bdad-bfag 640
jai-bfag 640
1275
2
bfag-bchf 640
hdj-bchf 640
635
4
bchf-gdf 640
gfe-gdf 640
bhc-gdf 640
hjh-gdf 640
1350
3
bje-bdfa 640
jjf-bdfa 640
hdb-bdfa 640
1208
1
bbcj-bcai 640
1630
1
bcai-bgda 640
1545
4
faa-bfef 640
ied-bfef 640
bgaf-bfef 640
bgda-bfef 640
1346
3
bgfb-bdeg 640
iai-bdeg 640
hdh-bdeg 640
388
2
bdeg-dii 640
bage-dii 640
670
4
gii-gha 640
gdh-gha 640
ifc-gha 640
bfgj-gha 640
986
3
gha-jig 640
bafi-jig 640
bbe-jig 640
1395
1
jig-bdjf 640
716
5
egh-hbg 640
gde-hbg 640
ife-hbg 640
jh-hbg 640
bdjf-hbg 640
124
8
bagd-bce 640
fed-bce 640
bb-bce 640
gef-bce 640
ccc-bce 640
gc-bce 640
edi-bce 640
bi-bce 640
1153
4
bdje-bbfd 640
eaa-bbfd 640
bdcj-bbfd 640
ebc-bbfd 640
172
6
bfe-bhc 640
bagf-bhc 640
gfg-bhc 640
edf-bhc 640
eje-bhc 640
bbfd-bhc 640
1094
4
bdab-baje 640
hhe-baje 640
iej-baje 640
gfi-baje 640
1098
2
bhf-baji 640
baje-baji 640
1608
1
baji-bgai 640
1138
3
hbh-bbdi 640
bcba-bbdi 640
baee-bbdi 640
1038
2
ghg-badi 640
bbdi-badi 640
401
4
fh-eab 640
chi-eab 640
bdha-eab 640
bbga-eab 640
910
3
cgd-jba 640
bdef-jba 640
gej-jba 640
1090
4
bif-baja 640
bcfj-baja 640
cgg-baja 640
cdh-baja 640
848
6
bcgb-iei 640
behf-iei 640
efg-iei 640
gdf-iei 640
hgi-iei 640
dbf-iei 640
1476
1
iei-behg 640
1393
1
eca-bdjd 640
1194
1
cbd-bbje 640
1116
3
ief-bbbg 640
icb-bbbg 640
baci-bbbg 640
981
4
iac-jib 640
gda-jib 640
bjf-jib 640
bab-jib 640
399
6
caj-djj 640
bbc-djj 640
dda-djj 640
jib-djj 640
dec-djj 640
egi-djj 640
620
7
iid-gca 640
ddd-gca 640
haj-gca 640
bbfc-gca 640
gfd-gca 640
jig-gca 640
hbg-gca 640
322
9
eie-dcc 640
ddf-dcc 640
di-dcc 640
cdd-dcc 640
heg-dcc 640
chf-dcc 640
jah-dcc 640
fbb-dcc 640
gdi-dcc 640
1106
1
gff-bbag 640
1287
1
cae-bcih 640
1299
2
bfgi-bcjj 640
fig-bcjj 640
1277
5
hhi-bchh 640
bcjb-bchh 640
bbij-bchh 640
cjb-bchh 640
bcjj-bchh 640
1309
2
hed-bdaj 640
je-bdaj 640
1481
1
bdaj-beib 640
30
8
ea-da 640
gda-da 640
bcei-da 640
beib-da 640
fai-da 640
bhd-da 640
bdf-da 640
eej-da 640
1052
4
hii-bafc 640
jce-bafc 640
gfg-bafc 640
bbef-bafc 640
677
3
cbc-ghh 640
fdi-ghh 640
bacj-ghh 640
450
6
jia-efa 640
dhd-efa 640
egc-efa 640
cbb-efa 640
hch-efa 640
bccg-efa 640
1
2
ehb-b 640
dab-b 640
48
4
jfj-ei 640
bcjf-ei 640
bbje-ei 640
cbh-ei 640
301
6
bef-dab 640
hi-dab 640
bace-dab 640
icf-dab 640
cjh-dab 640
ede-dab 640
245
4
dab-cef 640
bfi-cef 640
bha-cef 640
bbec-cef 640
1396
1
bdef-bdjg 640
1267
2
bdjg-bcgh 640
cbj-bcgh 640
1087
6
bcgf-baih 640
bbgd-baih 640
eea-baih 640
bcej-baih 640
gcf-baih 640
becj-baih 640
200
5
hfg-caa 640
djj-caa 640
bafd-caa 640
jgd-caa 640
ecb-caa 640
1656
1
bce-bgfg 640
728
5
bdff-hci 640
baef-hci 640
geh-hci 640
fbf-hci 640
ggi-hci 640
1541
1
ggf-bfeb 640
1354
2
gdf-bdfe 640
bfeg-bdfe 640
603
5
bf-gad 640
hij-gad 640
jjh-gad 640
bdfe-gad 640
bjc-gad 640
198
1
beeb-bji 640
789
6
bbbd-hij 640
dif-hij 640
jff-hij 640
bji-hij 640
hag-hij 640
fj-hij 640
90
2
hij-ja 640
bei-ja 640
385
1
bbdh-dif 640
161
6
hea-bgb 640
cgc-bgb 640
bcga-bgb 640
bedd-bgb 640
dff-bgb 640
bahe-bgb 640
1200
2
bgb-bcaa 640
bbie-bcaa 640
864
3
dbj-ige 640
hjc-ige 640
dbi-ige 640
493
2
ige-ejd 640
iic-ejd 640
1031
3
bddf-badb 640
dcd-badb 640
bdf-badb 640
413
8
badb-ebd 640
had-ebd 640
cag-ebd 640
bdae-ebd 640
cbb-ebd 640
bcce-ebd 640
ejb-ebd 640
dgi-ebd 640
909
2
iic-jaj 640
ebd-jaj 640
570
3
bfi-fha 640
fhc-fha 640
bfig-fha 640
317
5
gfj-dbh 640
caa-dbh 640
cdb-dbh 640
fha-dbh 640
cid-dbh 640
1216
3
behc-bcbg 640
dbh-bcbg 640
iea-bcbg 640
499
2
chf-ejj 640
hif-ejj 640
513
5
eai-fbd 640
hej-fbd 640
ejj-fbd 640
jhc-fbd 640
bih-fbd 640
1060
2
ded-baga 640
bbag-baga 640
604
6
ghc-gae 640
bfi-gae 640
eig-gae 640
bd-gae 640
hca-gae 640
jci-gae 640
839
3
bcc-idj 640
fdj-idj 640
bgf-idj 640
694
4
eca-gje 640
bhc-gje 640
b-gje 640
bbdf-gje 640
1067
6
jbd-bagh 640
eab-bagh 640
cgf-bagh 640
ijg-bagh 640
gje-bagh 640
cde-bagh 640
1233
3
bbfh-bcdd 640
bdid-bcdd 640
bagh-bcdd 640
1600
1
bcdd-bgaa 640
1474
3
bgaa-behe 640
ihd-behe 640
baja-behe 640
922
3
fej-jcc 640
fjg-jcc 640
gfb-jcc 640
923
4
ied-jcd 640
hgh-jcd 640
bagh-jcd 640
jcc-jcd 640
1279
1
jcd-bchj 640
847
4
bchj-ieh 640
bjg-ieh 640
bge-ieh 640
caj-ieh 640
147
9
ih-beh 640
jbj-beh 640
ccg-beh 640
ieh-beh 640
bab-beh 640
ef-beh 640
hi-beh 640
gdd-beh 640
cia-beh 640
425
4
beh-ecf 640
cib-ecf 640
dh-ecf 640
dgb-ecf 640
477
5
had-ehh 640
dcc-ehh 640
gcc-ehh 640
dad-ehh 640
ecf-ehh 640
467
2
cii-egh 640
iid-egh 640
1324
1
jfc-bdce 640
298
6
hbd-cji 640
dbj-cji 640
bee-cji 640
bdcg-cji 640
id-cji 640
bdce-cji 640
1571
1
bhg-bfhb 640
94
6
gdf-je 640
bi-je 640
fcf-je 640
bfgb-je 640
bbi-je 640
bfc-je 640
1539
2
dgg-bfdj 640
bddd-bfdj 640
1131
5
bbf-bbdb 640
bfdj-bbdb 640
ifa-bbdb 640
idc-bbdb 640
hjj-bbdb 640
1367
2
eea-bdgh 640
ghj-bdgh 640
1117
2
ehg-bbbh 640
bagc-bbbh 640
514
3
bajc-fbe 640
fgi-fbe 640
bceh-fbe 640
1028
2
egi-baci 640
ejc-baci 640
762
4
fia-hgc 640
fea-hgc 640
dej-hgc 640
hje-hgc 640
1327
2
hgc-bdch 640
cac-bdch 640
596
2
bcfe-fjg 640
bhg-fjg 640
1426
1
bagi-becg 640
437
5
dah-edh 640
cfj-edh 640
beb-edh 640
hcd-edh 640
bbgb-edh 640
1300
3
eba-bdaa 640
edh-bdaa 640
gcj-bdaa 640
291
3
beba-cjb 640
jbi-cjb 640
bagh-cjb 640
1046
4
jdc-baeg 640
bcef-baeg 640
baic-baeg 640
hhd-baeg 640
855
5
jgf-iff 640
fb-iff 640
bjb-iff 640
cgi-iff 640
efe-iff 640
658
5
becd-gfi 640
dbd-gfi 640
ghc-gfi 640
jeh-gfi 640
ech-gfi 640
475
5
caa-ehf 640
fag-ehf 640
cac-ehf 640
jgj-ehf 640
hgh-ehf 640
391
2
jjj-djb 640
eee-djb 640
740
8
befg-hea 640
jb-hea 640
bcji-hea 640
bdfd-hea 640
fdf-hea 640
jjg-hea 640
djb-hea 640
cb-hea 640
142
8
hff-bec 640
ica-bec 640
hea-bec 640
bdh-bec 640
eei-bec 640
ii-bec 640
hj-bec 640
bdei-bec 640
1353
2
efb-bdfd 640
bec-bdfd 640
1377
1
bdfd-bdhh 640
4
1
hic-e 640
557
2
e-ffh 640
fja-ffh 640
148
5
jbi-bei 640
fge-bei 640
bcgi-bei 640
jca-bei 640
becg-bei 640
169
5
djh-bgj 640
jai-bgj 640
bffe-bgj 640
hbh-bgj 640
hch-bgj 640
440
4
bgj-eea 640
igj-eea 640
gcc-eea 640
djh-eea 640
329
5
jcg-dcj 640
dbj-dcj 640
dhd-dcj 640
bde-dcj 640
begb-dcj 640
1185
2
bij-bbif 640
dcj-bbif 640
1304
2
bahi-bdae 640
bbif-bdae 640
770
6
baad-hha 640
hdd-hha 640
bi-hha 640
ii-hha 640
ihj-hha 640
dag-hha 640
1497
1
bdaa-bejh 640
1428
1
bbgj-beci 640
1337
1
bffa-bddh 640
67
1
bddh-gh 640
850
5
ccc-ifa 640
bdbe-ifa 640
hcf-ifa 640
bdih-ifa 640
bbbi-ifa 640
576
4
fjc-fhg 640
da-fhg 640
jbb-fhg 640
bbfh-fhg 640
303
4
gcb-dad 640
gfe-dad 640
gfd-dad 640
dab-dad 640
46
4
bcd-eg 640
ggg-eg 640
ffd-eg 640
cbg-eg 640
422
8
bdie-ecc 640
bdch-ecc 640
fbe-ecc 640
idf-ecc 640
babd-ecc 640
gce-ecc 640
edi-ecc 640
cd-ecc 640
201
6
daf-cab 640
bef-cab 640
jbg-cab 640
bdg-cab 640
cjd-cab 640
jca-cab 640
283
11
dfa-cid 640
dfd-cid 640
cjb-cid 640
ehb-cid 640
bdh-cid 640
bii-cid 640
hgg-cid 640
fic-cid 640
ebi-cid 640
fcf-cid 640
cab-cid 640
956
4
bccb-jfg 640
ghc-jfg 640
ega-jfg 640
fic-jfg 640
920
4
jde-jca 640
idf-jca 640
jfg-jca 640
fdh-jca 640
351
3
e-dfb 640
ehb-dfb 640
bde-dfb 640
500
5
dfb-faa 640
bbba-faa 640
ice-faa 640
deg-faa 640
dhg-faa 640
796
7
gdj-hjg 640
jdh-hjg 640
cfa-hjg 640
jgg-hjg 640
igd-hjg 640
gci-hjg 640
eda-hjg 640
1588
2
edc-bfii 640
hjg-bfii 640
1316
3
bfii-bdbg 640
hdj-bdbg 640
ddc-bdbg 640
653
3
bdbg-gfd 640
hjb-gfd 640
gch-gfd 640
829
2
hbe-icj 640
jie-icj 640
1591
1
icj-bfjb 640
332
5
dac-ddc 640
bfjb-ddc 640
beg-ddc 640
bja-ddc 640
ia-ddc 640
1120
2
bdd-bbca 640
jcc-bbca 640
459
6
fhc-efj 640
efe-efj 640
bbfa-efj 640
bbca-efj 640
gde-efj 640
fje-efj 640
707
4
efj-hah 640
dcd-hah 640
fda-hah 640
ghg-hah 640
1398
1
egb-bdji 640
151
2
bdji-bfb 640
fda-bfb 640
696
6
egg-gjg 640
bbic-gjg 640
bdda-gjg 640
behg-gjg 640
dci-gjg 640
bfb-gjg 640
832
3
gjg-idc 640
iij-idc 640
djj-idc 640
632
5
cah-gdc 640
ifc-gdc 640
igj-gdc 640
gbe-gdc 640
babf-gdc 640
1356
2
bib-bdfg 640
bdic-bdfg 640
942
5
badg-jec 640
bdfg-jec 640
bgb-jec 640
dae-jec 640
ehc-jec 640
123
4
ddj-bcd 640
iie-bcd 640
jec-bcd 640
eed-bcd 640
206
3
fbi-cag 640
ebb-cag 640
cie-cag 640
1504
3
bfah-bfae 640
ecc-bfae 640
bai-bfae 640
1257
1
egd-bcfh 640
74
7
gij-he 640
gig-he 640
hc-he 640
bebb-he 640
bcjc-he 640
bgi-he 640
bcd-he 640
1446
3
he-beeg 640
befc-beeg 640
bdeb-beeg 640
1629
1
beeg-bgcj 640
1438
2
iib-bedi 640
bfba-bedi 640
915
5
jbe-jbf 640
bedi-jbf 640
hai-jbf 640
cc-jbf 640
gfg-jbf 640
1507
1
jbf-bfah 640
508
4
badj-fai 640
gdj-fai 640
bcj-fai 640
fdh-fai 640
624
3
fai-gce 640
dhb-gce 640
bdfi-gce 640
1201
4
bchi-bcab 640
jjj-bcab 640
dfi-bcab 640
gce-bcab 640
901
2
djh-jab 640
gbe-jab 640
656
4
chc-gfg 640
jaj-gfg 640
bahh-gfg 640
cef-gfg 640
452
4
fdg-efc 640
ehd-efc 640
hd-efc 640
bhh-efc 640
23
6
fae-cd 640
bhd-cd 640
bcaj-cd 640
gfa-cd 640
ffb-cd 640
dbg-cd 640
143
5
feh-bed 640
cd-bed 640
cfa-bed 640
ica-bed 640
begd-bed 640
1606
1
bed-bgag 640
1163
1
bgag-bbgd 640
729
6
bbbg-hcj 640
bbgd-hcj 640
jd-hcj 640
ejb-hcj 640
hdb-hcj 640
eec-hcj 640
1349
2
bfaa-bdej 640
jag-bdej 640
1596
1
bdej-bfjg 640
84
4
haj-ie 640
dej-ie 640
eeh-ie 640
fbb-ie 640
748
3
if-hei 640
fad-hei 640
ie-hei 640
1126
3
bdid-bbcg 640
fcg-bbcg 640
ccj-bbcg 640
994
5
bbcg-jje 640
badd-jje 640
hdd-jje 640
baig-jje 640
ej-jje 640
1157
3
efd-bbfh 640
gec-bbfh 640
bbjg-bbfh 640
816
4
ceb-ibg 640
efj-ibg 640
bafg-ibg 640
fhg-ibg 640
1204
2
ibg-bcae 640
bdaj-bcae 640
58
3
bfdg-fi 640
hee-fi 640
fg-fi 640
1045
4
fi-baef 640
efd-baef 640
bdbf-baef 640
gj-baef 640
1007
2
jab-baah 640
baef-baah 640
648
4
ffa-gei 640
daf-gei 640
iba-gei 640
eeb-gei 640
227
3
egd-cch 640
baaf-cch 640
ice-cch 640
490
3
hej-eja 640
babi-eja 640
iaj-eja 640
1512
1
ijd-bfbc 640
154
5
cgh-bfe 640
baea-bfe 640
gbc-bfe 640
dch-bfe 640
hff-bfe 640
102
4
da-bac 640
bfe-bac 640
gja-bac 640
hj-bac 640
995
2
ccf-jjf 640
hja-jjf 640
1420
2
jjf-beca 640
ddg-beca 640
1336
1
badj-bddg 640
809
3
gbh-iaj 640
bddg-iaj 640
gci-iaj 640
321
6
eda-dcb 640
fi-dcb 640
gbj-dcb 640
jia-dcb 640
efg-dcb 640
gad-dcb 640
815
3
dje-ibf 640
bffh-ibf 640
dih-ibf 640
772
3
eia-hhc 640
fhc-hhc 640
beff-hhc 640
663
4
cjh-ggd 640
djj-ggd 640
jhh-ggd 640
igd-ggd 640
540
5
bdcd-fea 640
ee-fea 640
bceb-fea 640
caf-fea 640
bbia-fea 640
1333
2
bcbf-bddd 640
daa-bddd 640
152
8
bafi-bfc 640
fbb-bfc 640
ifh-bfc 640
cei-bfc 640
dcb-bfc 640
fcb-bfc 640
dhb-bfc 640
gbi-bfc 640
160
2
hbd-bga 640
efe-bga 640
779
6
beb-hhj 640
idc-hhj 640
hie-hhj 640
jec-hhj 640
bfag-hhj 640
cbg-hhj 640
310
3
gdh-dba 640
hhj-dba 640
bff-dba 640
175
5
ech-bhf 640
bci-bhf 640
dgi-bhf 640
ca-bhf 640
jga-bhf 640
1500
2
bhf-bfaa 640
ccd-bfaa 640
946
2
baib-jeg 640
bbj-jeg 640
1001
5
bc-baab 640
bbdf-baab 640
ifd-baab 640
jeg-baab 640
efi-baab 640
688
3
ib-gii 640
baab-gii 640
cgf-gii 640
939
4
eic-jdj 640
jfj-jdj 640
dhb-jdj 640
ja-jdj 640
1162
1
bafa-bbgc 640
243
3
cah-ced 640
bbgc-ced 640
efg-ced 640
1414
1
bccd-bebe 640
47
5
bbfg-eh 640
bbei-eh 640
fdd-eh 640
bjb-eh 640
gdh-eh 640
326
2
dca-dcg 640
cd-dcg 640
1002
2
jbh-baac 640
hig-baac 640
1245
2
fbj-bcef 640
fbb-bcef 640
1453
3
iia-befd 640
dci-befd 640
chj-befd 640
690
2
ecd-gja 640
bajc-gja 640
774
5
eff-hhe 640
dji-hhe 640
gja-hhe 640
fcd-hhe 640
bdfa-hhe 640
1584
1
ceh-bfie 640
287
2
icg-cih 640
cda-cih 640
202
5
fid-cac 640
djc-cac 640
dbf-cac 640
cgd-cac 640
bbdh-cac 640
165
4
bie-bgf 640
iaa-bgf 640
baih-bgf 640
bd-bgf 640
11
7
bcea-bb 640
bcef-bb 640
bcb-bb 640
cd-bb 640
bgf-bb 640
bee-bb 640
bae-bb 640
1546
1
dfb-bfeg 640
352
5
eb-dfc 640
ca-dfc 640
fgj-dfc 640
ddc-dfc 640
fgg-dfc 640
967
2
jcb-jgh 640
dfc-jgh 640
814
3
fba-ibe 640
bbcc-ibe 640
jbe-ibe 640
535
6
ibe-fdf 640
cgg-fdf 640
gdc-fdf 640
fdg-fdf 640
bade-fdf 640
fbj-fdf 640
3
6
hcj-d 640
cd-d 640
bjg-d 640
bcb-d 640
ii-d 640
cbd-d 640
76
4
dfj-hg 640
gbd-hg 640
bja-hg 640
cgj-hg 640
1224
2
iib-bcce 640
eci-bcce 640
35
5
ibf-df 640
igi-df 640
iei-df 640
gc-df 640
bfgb-df 640
1140
3
df-bbea 640
cga-bbea 640
dfh-bbea 640
1271
2
hhd-bchb 640
bdfj-bchb 640
1259
4
bchb-bcfj 640
cig-bcfj 640
jii-bcfj 640
ibc-bcfj 640
412
3
bjg-ebc 640
baej-ebc 640
ecb-ebc 640
1494
1
baag-beje 640
1097
2
bia-bajh 640
hba-bajh 640
1655
1
bcgh-bgff 640
1380
2
bgff-bdia 640
jgg-bdia 640
505
3
bcja-faf 640
ice-faf 640
hid-faf 640
1237
2
faf-bcdh 640
bchf-bcdh 640
912
2
gbg-jbc 640
jca-jbc 640
1160
2
jbc-bbga 640
eji-bbga 640
869
4
dde-igj 640
jba-igj 640
gih-igj 640
bdie-igj 640
982
2
hff-jic 640
igj-jic 640
140
3
dgb-bea 640
fif-bea 640
dgc-bea 640
1589
1
gih-bfij 640
50
5
bc-fa 640
jji-fa 640
hg-fa 640
bcb-fa 640
dhe-fa 640
905
2
bdig-jaf 640
bgd-jaf 640
1341
2
bdif-bdeb 640
jaf-bdeb 640
491
3
ibd-ejb 640
bhc-ejb 640
cdi-ejb 640
395
1
eha-djf 640
179
6
ghd-bhj 640
bafb-bhj 640
fha-bhj 640
hbc-bhj 640
cb-bhj 640
hg-bhj 640
527
8
bfgh-fch 640
fcf-fch 640
ecb-fch 640
cjb-fch 640
beaj-fch 640
hfc-fch 640
eae-fch 640
bcee-fch 640
580
4
hga-fia 640
cdd-fia 640
gcc-fia 640
bb-fia 640
665
5
jfj-ggf 640
ibj-ggf 640
feh-ggf 640
bcdj-ggf 640
hab-ggf 640
551
7
i-ffb 640
jfe-ffb 640
dab-ffb 640
cfd-ffb 640
cbd-ffb 640
gda-ffb 640
ica-ffb 640
1466
2
ifb-begg 640
bfai-begg 640
1255
4
iie-bcff 640
hfh-bcff 640
begg-bcff 640
ddd-bcff 640
851
3
bagh-ifb 640
dfh-ifb 640
fgh-ifb 640
1572
1
dgd-bfhc 640
932
3
hbh-jdc 640
gdh-jdc 640
jc-jdc 640
1147
1
eg-bbeh 640
618
7
ej-gbi 640
bacg-gbi 640
ifc-gbi 640
dib-gbi 640
dbi-gbi 640
cfd-gbi 640
bbeh-gbi 640
1135
3
gbc-bbdf 640
gbi-bbdf 640
baed-bbdf 640
1189
3
cdd-bbij 640
bbdf-bbij 640
beci-bbij 640
279
6
fjd-chj 640
fg-chj 640
jg-chj 640
dia-chj 640
bgh-chj 640
hhi-chj 640
1564
1
chj-bfge 640
584
3
ffb-fie 640
bccf-fie 640
efe-fie 640
1326
1
bce-bdcg 640
13
2
bejh-bd 640
cch-bd 640
1187
2
bfd-bbih 640
gc-bbih 640
904
3
ee-jae 640
bbih-jae 640
cja-jae 640
1121
6
fbc-bbcb 640
jfd-bbcb 640
hih-bbcb 640
djj-bbcb 640
ccc-bbcb 640
iee-bbcb 640
1602
1
babg-bgac 640
156
7
bgac-bfg 640
be-bfg 640
bef-bfg 640
hj-bfg 640
hhe-bfg 640
fh-bfg 640
efi-bfg 640
342
5
bg-dec 640
bfg-dec 640
ba-dec 640
bcgh-dec 640
fdc-dec 640
730
5
eda-hda 640
dec-hda 640
ffb-hda 640
ea-hda 640
idc-hda 640
1293
1
hdf-bcjd 640
1243
1
bcjd-bced 640
544
5
bbaa-fee 640
be-fee 640
fff-fee 640
ihf-fee 640
ecb-fee 640
132
9
fee-bdc 640
bbjh-bdc 640
bbfe-bdc 640
bbah-bdc 640
bfea-bdc 640
jbg-bdc 640
cfc-bdc 640
bec-bdc 640
fdc-bdc 640
627
5
fjh-gch 640
eja-gch 640
bdc-gch 640
cih-gch 640
ffb-gch 640
955
3
ee-jff 640
bfeb-jff 640
egg-jff 640
1456
1
bah-befg 640
521
5
fij-fcb 640
bcdf-fcb 640
hbb-fcb 640
h-fcb 640
bhb-fcb 640
532
6
bahi-fdc 640
dad-fdc 640
eg-fdc 640
bbjb-fdc 640
dhh-fdc 640
cif-fdc 640
1547
1
fdc-bfeh 640
80
2
bdjd-ia 640
bfeh-ia 640
1272
2
cej-bchc 640
bdb-bchc 640
559
4
gfi-ffj 640
baid-ffj 640
gih-ffj 640
dfd-ffj 640
733
4
bdg-hdd 640
bcf-hdd 640
ejb-hdd 640
cih-hdd 640
1040
3
he-baea 640
cid-baea 640
hdd-baea 640
376
4
begf-dhg 640
ida-dhg 640
bfe-dhg 640
beab-dhg 640
911
2
dhg-jbb 640
gjc-jbb 640
368
5
bbf-dgi 640
ceb-dgi 640
ibf-dgi 640
deb-dgi 640
cgg-dgi 640
197
5
gfd-bjh 640
jeb-bjh 640
djg-bjh 640
cd-bjh 640
bcb-bjh 640
933
3
dic-jdd 640
dhc-jdd 640
ffh-jdd 640
1631
1
jdd-bgdb 640
947
3
bafe-jeh 640
ddj-jeh 640
bgdb-jeh 640
1152
2
bfej-bbfc 640
ibh-bbfc 640
272
4
bbfj-chc 640
jhd-chc 640
jfb-chc 640
hba-chc 640
16
6
jf-bg 640
iag-bg 640
fib-bg 640
bdii-bg 640
gge-bg 640
baae-bg 640
353
6
gcb-dfd 640
bbae-dfd 640
bfcc-dfd 640
da-dfd 640
idj-dfd 640
bga-dfd 640
149
5
fif-bej 640
cdi-bej 640
dbi-bej 640
bdb-bej 640
bec-bej 640
525
7
baib-fcf 640
bff-fcf 640
ebi-fcf 640
ejd-fcf 640
cgf-fcf 640
cce-fcf 640
ehe-fcf 640
173
4
hj-bhd 640
eed-bhd 640
gii-bhd 640
bcb-bhd 640
1278
2
bcdj-bchi 640
ifh-bchi 640
308
5
bchi-dai 640
ebd-dai 640
ejb-dai 640
chh-dai 640
bafa-dai 640
1473
1
eda-behd 640
1524
1
jh-bfce 640
586
6
eib-fig 640
bfj-fig 640
bjc-fig 640
ejg-fig 640
gfa-fig 640
dec-fig 640
786
2
che-hig 640
fig-hig 640
524
3
gjh-fce 640
baec-fce 640
gia-fce 640
290
5
ead-cja 640
bcaa-cja 640
ehg-cja 640
hcj-cja 640
ija-cja 640
780
3
dbf-hia 640
jdd-hia 640
bbie-hia 640
141
7
djg-beb 640
hia-beb 640
fe-beb 640
dci-beb 640
ffd-beb 640
edh-beb 640
cbg-beb 640
857
4
baai-ifh 640
baga-ifh 640
eif-ifh 640
cid-ifh 640
1531
1
iih-bfdb 640
1238
3
hee-bcdi 640
cfg-bcdi 640
becb-bcdi 640
1074
1
bcdi-bahe 640
1119
3
big-bbbj 640
bahe-bbbj 640
bgdj-bbbj 640
5
5
bc-f 640
ff-f 640
jcc-f 640
bdjf-f 640
jbb-f 640
1385
2
fgc-bdif 640
f-bdif 640
121
4
bdea-bcb 640
bbdg-bcb 640
bbgc-bcb 640
fba-bcb 640
367
1
idi-dgh 640
252
3
ieg-cfc 640
eca-cfc 640
gef-cfc 640
615
4
bdcf-gbf 640
fgd-gbf 640
ccj-gbf 640
bbeh-gbf 640
553
3
eia-ffd 640
jaf-ffd 640
dij-ffd 640
860
2
gfj-iga 640
ebb-iga 640
598
9
fij-fji 640
bddi-fji 640
ejc-fji 640
bgb-fji 640
iga-fji 640
hh-fji 640
ehf-fji 640
cdf-fji 640
jbi-fji 640
662
2
bgae-ggc 640
id-ggc 640
785
3
cii-hif 640
ggc-hif 640
fje-hif 640
15
1
hi-bf 640
585
4
ibj-fif 640
gge-fif 640
bfcg-fif 640
bbc-fif 640
31
6
bc-db 640
bbde-db 640
cfj-db 640
cd-db 640
cbh-db 640
gi-db 640
191
4
db-bjb 640
fed-bjb 640
bcdb-bjb 640
bbee-bjb 640
77
7
beic-hh 640
caa-hh 640
jae-hh 640
bjb-hh 640
bdh-hh 640
cae-hh 640
gcj-hh 640
1314
1
hh-bdbe 640
171
5
fcb-bhb 640
bfbi-bhb 640
cda-bhb 640
hhd-bhb 640
ih-bhb 640
392
3
ddi-djc 640
jaj-djc 640
dba-djc 640
863
3
ife-igd 640
ggg-igd 640
hfd-igd 640
1439
1
igd-bedj 640
964
5
bcgj-jge 640
dda-jge 640
gbf-jge 640
bedj-jge 640
bagf-jge 640
1289
1
ebd-bcij 640
746
2
fid-heg 640
bcdd-heg 640
573
4
hic-fhd 640
cih-fhd 640
dgi-fhd 640
dea-fhd 640
346
5
fhd-deg 640
cfb-deg 640
cdh-deg 640
hia-deg 640
eec-deg 640
634
4
gah-gde 640
baeb-gde 640
cdd-gde 640
hed-gde 640
1124
2
iff-bbce 640
gde-bbce 640
1419
1
bbec-bebj 640
474
4
bebj-ehe 640
ibh-ehe 640
di-ehe 640
hje-ehe 640
1383
1
beh-bdid 640
319
6
bb-dbj 640
dhd-dbj 640
cgb-dbj 640
gjf-dbj 640
cg-dbj 640
dad-dbj 640
1570
1
cga-bfha 640
1056
1
fdd-bafg 640
734
3
jfh-hde 640
gdj-hde 640
bbjf-hde 640
976
2
fbi-jhg 640
hde-jhg 640
1317
1
jhg-bdbh 640
105
5
cgb-baf 640
cj-baf 640
bdbh-baf 640
bcb-baf 640
cbg-baf 640
1491
1
bace-bejb 640
325
5
fea-dcf 640
cgb-dcf 640
bhe-dcf 640
bbja-dcf 640
fce-dcf 640
1498
2
dcf-beji 640
ifa-beji 640
530
6
bhj-fda 640
bhi-fda 640
gca-fda 640
cfd-fda 640
edf-fda 640
bbbd-fda 640
387
2
fdg-dih 640
bbjg-dih 640
988
3
cei-jii 640
bjh-jii 640
ddf-jii 640
538
2
bh-fdi 640
jii-fdi 640
818
5
jib-ibi 640
fii-ibi 640
bjc-ibi 640
fdi-ibi 640
gi-ibi 640
189
6
ba-bij 640
gfi-bij 640
cha-bij 640
eab-bij 640
bcj-bij 640
cia-bij 640
597
5
baij-fjh 640
fdf-fjh 640
ei-fjh 640
ddd-fjh 640
g-fjh 640
868
3
gag-igi 640
bcbj-igi 640
bbg-igi 640
1580
1
df-bfia 640
977
2
bfia-jhh 640
gab-jhh 640
262
5
ica-cgc 640
hfc-cgc 640
fji-cgc 640
ee-cgc 640
hdb-cgc 640
1108
2
bhj-bbai 640
bdch-bbai 640
974
3
jae-jhe 640
jih-jhe 640
bbai-jhe 640
574
5
ebh-fhe 640
gge-fhe 640
dic-fhe 640
hci-fhe 640
jbe-fhe 640
498
5
hfb-eji 640
dih-eji 640
cgh-eji 640
cdd-eji 640
d-eji 640
1265
1
bbga-bcgf 640
288
6
cah-cii 640
baha-cii 640
dad-cii 640
gc-cii 640
ggd-cii 640
gbi-cii 640
232
6
eb-cdc 640
ccj-cdc 640
gac-cdc 640
ddj-cdc 640
fad-cdc 640
hjg-cdc 640
562
5
bagf-fgc 640
dgd-fgc 640
dbd-fgc 640
cjb-fgc 640
jad-fgc 640
1538
2
ihc-bfdi 640
fgc-bfdi 640
488
4
bfdi-eii 640
fij-eii 640
bgb-eii 640
cfd-eii 640
1296
2
eii-bcjg 640
jce-bcjg 640
1146
3
bcjg-bbeg 640
bgbc-bbeg 640
eca-bbeg 640
159
5
jjj-bfj 640
bii-bfj 640
ded-bfj 640
gif-bfj 640
gce-bfj 640
436
5
ggd-edg 640
ddc-edg 640
ie-edg 640
cde-edg 640
jgh-edg 640
1542
2
bdge-bfec 640
edg-bfec 640
1550
1
iab-bffa 640
862
3
gh-igc 640
eaf-igc 640
bcgi-igc 640
1091
3
ji-bajb 640
bafj-bajb 640
bdfg-bajb 640
502
5
cbh-fac 640
hdh-fac 640
cbi-fac 640
hbc-fac 640
bbii-fac 640
649
5
fec-gej 640
cab-gej 640
hgi-gej 640
gda-gej 640
bge-gej 640
1348
1
bccd-bdei 640
370
3
jhi-dha 640
dji-dha 640
ecg-dha 640
428
4
dh-eci 640
jac-eci 640
cei-eci 640
hcg-eci 640
595
3
fhc-fjf 640
bahg-fjf 640
jhf-fjf 640
307
3
ihj-dah 640
ggg-dah 640
ehc-dah 640
312
2
hca-dbc 640
dah-dbc 640
1318
2
bfbc-bdbi 640
dbc-bdbi 640
323
3
cg-dcd 640
gda-dcd 640
cfg-dcd 640
1479
3
dcd-behj 640
ihb-behj 640
dbd-behj 640
1493
1
badc-bejd 640
239
3
chh-cdj 640
ega-cdj 640
hgg-cdj 640
757
5
ede-hfh 640
bbaj-hfh 640
eci-hfh 640
ihf-hfh 640
ibb-hfh 640
187
4
dcf-bih 640
ccj-bih 640
hef-bih 640
bcff-bih 640
727
4
jcb-hch 640
fci-hch 640
ghe-hch 640
gdg-hch 640
1370
3
daj-bdha 640
behi-bdha 640
gfj-bdha 640
751
5
egc-hfb 640
gc-hfb 640
icd-hfb 640
bff-hfb 640
beh-hfb 640
1519
1
beif-bfbj 640
1421
3
bfbj-becb 640
jed-becb 640
bcg-becb 640
739
4
bci-hdj 640
jbj-hdj 640
eci-hdj 640
haa-hdj 640
1308
2
baij-bdai 640
bajh-bdai 640
1166
4
ca-bbgg 640
bcde-bbgg 640
gfh-bbgg 640
bdai-bbgg 640
484
5
baf-eie 640
bbaf-eie 640
gbb-eie 640
ffj-eie 640
gcf-eie 640
1636
1
baf-bgdg 640
783
1
bgdg-hid 640
1644
1
hjf-bgee 640
1305
1
ga-bdaf 640
1454
1
fif-befe 640
750
4
bdi-hfa 640
befe-hfa 640
jhg-hfa 640
dgc-hfa 640
1183
1
bbdd-bbid 640
843
4
hhb-ied 640
bche-ied 640
bbid-ied 640
jac-ied 640
633
4
dgb-gdd 640
bcag-gdd 640
efh-gdd 640
hfi-gdd 640
431
6
gdd-edb 640
jj-edb 640
gec-edb 640
iia-edb 640
ff-edb 640
fb-edb 640
1044
1
baeg-baee 640
902
5
hca-jac 640
ejj-jac 640
ibb-jac 640
bgg-jac 640
ghg-jac 640
678
4
hai-ghi 640
daf-ghi 640
cic-ghi 640
bge-ghi 640
1557
1
ghi-bffh 640
886
2
ddg-iig 640
hcg-iig 640
835
5
jhi-idf 640
dii-idf 640
efa-idf 640
bajg-idf 640
dh-idf 640
314
3
bcaf-dbe 640
dac-dbe 640
dfh-dbe 640
103
3
bha-bad 640
bfi-bad 640
jid-bad 640
106
6
bfce-bag 640
dad-bag 640
ede-bag 640
bbfi-bag 640
fic-bag 640
baab-bag 640
1058
4
bbgf-bafi 640
chi-bafi 640
bag-bafi 640
bhj-bafi 640
1150
2
jf-bbfa 640
bacc-bbfa 640
763
2
bedb-hgd 640
bbfa-hgd 640
393
5
jif-djd 640
ifd-djd 640
cie-djd 640
bejh-djd 640
jdd-djd 640
43
4
eb-ed 640
bcia-ed 640
ech-ed 640
bfdc-ed 640
1291
2
bcaa-bcjb 640
dba-bcjb 640
1197
2
jih-bbjh 640
bcjb-bbjh 640
900
3
bbjh-jaa 640
jbg-jaa 640
cf-jaa 640
1511
1
hda-bfbb 640
1392
2
bfbb-bdjc 640
ifh-bdjc 640
223
6
cjf-ccd 640
bajb-ccd 640
ecd-ccd 640
feh-ccd 640
eae-ccd 640
dhh-ccd 640
1592
1
bej-bfjc 640
1618
1
bfjc-bgbi 640
890
3
bcfe-ija 640
iaa-ija 640
dbj-ija 640
1123
3
jjd-bbcd 640
gje-bbcd 640
baii-bbcd 640
552
4
ejg-ffc 640
hbb-ffc 640
bdj-ffc 640
bgc-ffc 640
712
3
bdif-hbc 640
ffc-hbc 640
jdg-hbc 640
1148
2
eif-bbei 640
gej-bbei 640
406
5
gff-eag 640
hgb-eag 640
ca-eag 640
hea-eag 640
cfa-eag 640
720
7
ejj-hca 640
cib-hca 640
ead-hca 640
jid-hca 640
hcf-hca 640
g-hca 640
ibe-hca 640
1085
1
jcb-baif 640
1105
2
hhg-bbaf 640
eff-bbaf 640
1226
2
begg-bccg 640
badf-bccg 640
520
5
dce-fca 640
jib-fca 640
bccg-fca 640
bcie-fca 640
gaj-fca 640
1268
4
bge-bcgi 640
bfh-bcgi 640
fca-bcgi 640
hce-bcgi 640
289
3
dgf-cij 640
bgi-cij 640
ch-cij 640
1528
1
fjb-bfci 640
1269
3
bfci-bcgj 640
beae-bcgj 640
bdbg-bcgj 640
747
4
ed-heh 640
ggc-heh 640
hii-heh 640
dcb-heh 640
884
5
jee-iie 640
bgc-iie 640
bejf-iie 640
bec-iie 640
cbb-iie 640
242
4
bdg-cec 640
bad-cec 640
bbc-cec 640
bajb-cec 640
924
1
bafi-jce 640
1248
1
bci-bcei 640
444
3
fgi-eee 640
idg-eee 640
chb-eee 640
1137
3
bcjd-bbdh 640
ghb-bbdh 640
eef-bbdh 640
207
6
cce-cah 640
bebe-cah 640
ih-cah 640
bahc-cah 640
fac-cah 640
fde-cah 640
110
5
gdc-bba 640
fbe-bba 640
hi-bba 640
je-bba 640
dic-bba 640
889
1
baaa-iij 640
951
3
cge-jfb 640
bbdb-jfb 640
ebb-jfb 640
701
3
bcfg-hab 640
gc-hab 640
fij-hab 640
229
6
cch-ccj 640
gdf-ccj 640
hji-ccj 640
bch-ccj 640
eeb-ccj 640
j-ccj 640
1246
1
cca-bceg 640
1416
1
idj-bebg 640
936
7
gea-jdg 640
ibi-jdg 640
fbf-jdg 640
cjh-jdg 640
dhj-jdg 640
bhb-jdg 640
bh-jdg 640
469
6
dbi-egj 640
jdg-egj 640
ij-egj 640
ibi-egj 640
baih-egj 640
jj-egj 640
673
3
egj-ghd 640
bae-ghd 640
did-ghd 640
536
5
bach-fdg 640
gbh-fdg 640
bdhg-fdg 640
gje-fdg 640
bhi-fdg 640
1411
1
bgf-bebb 640
59
7
ifd-fj 640
ddg-fj 640
bea-fj 640
dbg-fj 640
hfh-fj 640
ff-fj 640
bcha-fj 640
494
6
ebj-eje 640
bfj-eje 640
cif-eje 640
iei-eje 640
ege-eje 640
gic-eje 640
1004
2
dib-baae 640
eje-baae 640
1005
2
bdej-baaf 640
baae-baaf 640
253
6
geb-cfd 640
cje-cfd 640
ccg-cfd 640
a-cfd 640
bchd-cfd 640
bcdh-cfd 640
1093
4
bfjc-bajd 640
hhg-bajd 640
edc-bajd 640
hha-bajd 640
1604
1
bajd-bgae 640
1101
2
cde-bbab 640
bbfc-bbab 640
612
6
hb-gbc 640
bbh-gbc 640
baab-gbc 640
ga-gbc 640
bbhc-gbc 640
bej-gbc 640
1363
2
gbc-bdgd 640
gga-bdgd 640
1323
2
bdgd-bdcd 640
bbcb-bdcd 640
204
8
hhb-cae 640
cci-cae 640
jcd-cae 640
bccg-cae 640
gdi-cae 640
chb-cae 640
bea-cae 640
bcb-cae 640
449
4
bbif-eej 640
bcih-eej 640
chc-eej 640
bcag-eej 640
972
4
hei-jhc 640
gga-jhc 640
eej-jhc 640
ced-jhc 640
263
6
bafi-cgd 640
bafd-cgd 640
bajg-cgd 640
bec-cgd 640
dcf-cgd 640
dcj-cgd 640
1285
2
bdjb-bcif 640
jhh-bcif 640
752
3
gab-hfc 640
bcdc-hfc 640
gjh-hfc 640
761
6
hfc-hgb 640
gcc-hgb 640
bccd-hgb 640
iaj-hgb 640
dfj-hgb 640
bdf-hgb 640
1143
1
jc-bbed 640
1118
2
bac-bbbi 640
gee-bbbi 640
416
3
fga-ebg 640
dcf-ebg 640
ghg-ebg 640
403
4
chj-ead 640
dce-ead 640
caf-ead 640
dj-ead 640
233
2
db-cdd 640
bebi-cdd 640
114
3
ehd-bbe 640
cie-bbe 640
cb-bbe 640
45
7
beeh-ef 640
egh-ef 640
cij-ef 640
cih-ef 640
bgd-ef 640
ige-ef 640
bgb-ef 640
744
3
bfhd-hee 640
ijb-hee 640
gbf-hee 640
1583
1
hfa-bfid 640
1404
1
bdch-beae 640
421
2
bchc-ecb 640
daj-ecb 640
127
6
fbh-bch 640
bgbf-bch 640
ecb-bch 640
dfd-bch 640
bfc-bch 640
gad-bch 640
1198
3
hhi-bbji 640
bch-bbji 640
ijh-bbji 640
1209
1
bbji-bcaj 640
790
2
gbd-hja 640
fae-hja 640
991
6
cjc-jjb 640
hja-jjb 640
bdi-jjb 640
ihg-jjb 640
jif-jjb 640
ieg-jjb 640
1594
1
bfba-bfje 640
1613
2
bfb-bgbd 640
bfje-bgbd 640
1019
3
bbcg-babj 640
bfib-babj 640
fdc-babj 640
876
4
bcj-ihg 640
cdj-ihg 640
gij-ihg 640
gbf-ihg 640
1082
3
bcgg-baic 640
babi-baic 640
iaa-baic 640
371
3
bajb-dhb 640
ebh-dhb 640
d-dhb 640
966
3
heh-jgg 640
cfd-jgg 640
bajc-jgg 640
1210
2
ejb-bcba 640
gfc-bcba 640
276
3
iab-chg 640
hja-chg 640
edh-chg 640
483
6
bddi-eid 640
hc-eid 640
fbg-eid 640
bfhj-eid 640
bdg-eid 640
ejg-eid 640
336
3
cdi-ddg 640
eid-ddg 640
cgc-ddg 640
1247
4
fab-bceh 640
bbdf-bceh 640
bge-bceh 640
bdae-bceh 640
134
6
beec-bde 640
bba-bde 640
hhi-bde 640
iah-bde 640
gge-bde 640
bdh-bde 640
65
1
cgh-gf 640
82
2
bedh-ic 640
fdf-ic 640
244
3
ic-cee 640
eej-cee 640
jhc-cee 640
42
5
fi-ec 640
ege-ec 640
ci-ec 640
cdc-ec 640
fc-ec 640
1566
1
ec-bfgg 640
126
6
hcj-bcg 640
dbg-bcg 640
cah-bcg 640
g-bcg 640
dgg-bcg 640
bhj-bcg 640
811
2
bead-ibb 640
iha-ibb 640
29
3
bfgd-cj 640
fbi-cj 640
egd-cj 640
89
4
ife-ij 640
dbi-ij 640
fbc-ij 640
bcd-ij 640
381
4
ffd-dib 640
dhj-dib 640
cfd-dib 640
bgg-dib 640
1611
1
dib-bgbb 640
784
2
bgbb-hie 640
bjg-hie 640
657
4
jaj-gfh 640
ffb-gfh 640
bi-gfh 640
iga-gfh 640
641
5
fcb-geb 640
hhd-geb 640
eff-geb 640
hfa-geb 640
begg-geb 640
405
4
jc-eaf 640
fde-eaf 640
ghj-eaf 640
fgj-eaf 640
163
5
edg-bgd 640
gd-bgd 640
bgdh-bgd 640
f-bgd 640
dbj-bgd 640
1607
1
bdhi-bgah 640
1071
2
cgc-bahb 640
bgah-bahb 640
937
1
ea-jdh 640
661
3
bee-ggb 640
bej-ggb 640
eae-ggb 640
509
4
iii-faj 640
bhe-faj 640
ggb-faj 640
ga-faj 640
877
3
eef-ihh 640
gih-ihh 640
cib-ihh 640
630
2
ihh-gda 640
bdcf-gda 640
899
2
cff-ijj 640
iaf-ijj 640
328
5
bcef-dci 640
dae-dci 640
ddg-dci 640
cge-dci 640
ehi-dci 640
129
7
icj-bcj 640
iff-bcj 640
bah-bcj 640
eac-bcj 640
cjh-bcj 640
cjg-bcj 640
bbf-bcj 640
95
3
gbd-jf 640
dfc-jf 640
iae-jf 640
270
6
dhj-cha 640
bhi-cha 640
egj-cha 640
gfh-cha 640
ged-cha 640
dcb-cha 640
457
7
bbeg-efh 640
dci-efh 640
ded-efh 640
igc-efh 640
fde-efh 640
ibb-efh 640
iic-efh 640
1330
2
bebj-bdda 640
efh-bdda 640
639
3
dib-gdj 640
cei-gdj 640
gjg-gdj 640
755
3
hge-hff 640
bacc-hff 640
bbci-hff 640
54
1
jic-fe 640
629
2
ebb-gcj 640
ged-gcj 640
1503
1
jhc-bfad 640
70
3
bda-ha 640
ecc-ha 640
db-ha 640
565
2
ha-fgf 640
def-fgf 640
99
3
dej-jj 640
fgf-jj 640
bcee-jj 640
858
2
bcci-ifi 640
badf-ifi 640
1244
6
ejh-bcee 640
iai-bcee 640
gdf-bcee 640
ffd-bcee 640
bdja-bcee 640
bdca-bcee 640
743
3
ffe-hed 640
bcbg-hed 640
bfei-hed 640
1111
1
hed-bbbb 640
1129
2
bbbb-bbcj 640
hee-bbcj 640
192
5
ggh-bjc 640
eia-bjc 640
ibe-bjc 640
bagc-bjc 640
baad-bjc 640
1612
1
bba-bgbc 640
1320
1
fej-bdca 640
1581
1
bdca-bfib 640
643
1
bdbj-ged 640
1448
1
bdcg-beei 640
1499
1
cdg-bejj 640
1413
2
babc-bebd 640
bejj-bebd 640
1017
2
cbg-babh 640
baia-babh 640
1128
2
babh-bbci 640
bie-bbci 640
155
4
eec-bff 640
gfe-bff 640
bcie-bff 640
fdh-bff 640
1376
1
efd-bdhg 640
1661
1
bdhg-bggb 640
567
3
jjf-fgh 640
jcf-fgh 640
dbh-fgh 640
1464
2
bdci-bege 640
babb-bege 640
703
1
iec-had 640
1292
2
bbdg-bcjc 640
bbaf-bcjc 640
497
4
iaa-ejh 640
egb-ejh 640
idi-ejh 640
bbi-ejh 640
280
4
cce-cia 640
jj-cia 640
eie-cia 640
jej-cia 640
1567
1
bbie-bfgh 640
441
4
hgh-eeb 640
hei-eeb 640
bab-eeb 640
dec-eeb 640
1400
2
eeb-beaa 640
bcfj-beaa 640
359
3
ejd-dfj 640
eb-dfj 640
bbah-dfj 640
1328
2
ci-bdci 640
efh-bdci 640
1551
1
bda-bffb 640
424
4
ici-ece 640
eaa-ece 640
eeh-ece 640
ecd-ece 640
844
3
efc-iee 640
bdcd-iee 640
baje-iee 640
101
4
eic-bab 640
chf-bab 640
ede-bab 640
jhg-bab 640
1008
4
igj-baai 640
bacb-baai 640
baha-baai 640
dgd-baai 640
1530
2
bgce-bfda 640
baai-bfda 640
833
4
bbah-idd 640
bfda-idd 640
fj-idd 640
fih-idd 640
625
3
daf-gcf 640
baii-gcf 640
cgj-gcf 640
1381
1
bcfi-bdib 640
1417
2
bbgc-bebh 640
dag-bebh 640
776
4
dgd-hhg 640
bcd-hhg 640
ga-hhg 640
hbb-hhg 640
1382
1
hhg-bdic 640
778
2
bdci-hhi 640
dcj-hhi 640
1467
1
eac-begh 640
1579
2
gih-bfhj 640
bejj-bfhj 640
866
1
babd-igg 640
1078
4
ia-bahi 640
ghc-bahi 640
hab-bahi 640
ceh-bahi 640
486
4
ede-eig 640
bfeh-eig 640
fdf-eig 640
edi-eig 640
529
5
ffb-fcj 640
heb-fcj 640
egd-fcj 640
ghc-fcj 640
hge-fcj 640
1165
1
fcj-bbgf 640
812
2
bbgf-ibc 640
egb-ibc 640
20
4
cd-ca 640
dfg-ca 640
bai-ca 640
gjh-ca 640
153
3
haa-bfd 640
cie-bfd 640
jgi-bfd 640
1218
3
bfcf-bcbi 640
jcf-bcbi 640
jdd-bcbi 640
271
3
bcbi-chb 640
fff-chb 640
eci-chb 640
246
4
iag-ceg 640
cah-ceg 640
gdg-ceg 640
bfa-ceg 640
87
3
bba-ih 640
cgh-ih 640
bcfj-ih 640
330
4
dai-dda 640
cea-dda 640
fjj-dda 640
bjj-dda 640
145
4
fgj-bef 640
dai-bef 640
jei-bef 640
bjd-bef 640
146
5
bef-beg 640
bja-beg 640
fei-beg 640
hgd-beg 640
ea-beg 640
1063
3
ibg-bagd 640
hgd-bagd 640
beg-bagd 640
1075
2
ffi-bahf 640
bagd-bahf 640
1068
3
ehh-bagi 640
bcac-bagi 640
ggh-bagi 640
1274
2
gcd-bche 640
becg-bche 640
1034
1
ega-bade 640
294
3
cea-cje 640
bbi-cje 640
fje-cje 640
1379
1
iah-bdhj 640
466
5
idd-egg 640
eaj-egg 640
die-egg 640
ed-egg 640
jia-egg 640
512
4
baag-fbc 640
ejh-fbc 640
eeg-fbc 640
fej-fbc 640
1433
1
ceg-bedd 640
1486
2
baf-beig 640
bedd-beig 640
382
8
fh-dic 640
dih-dic 640
edj-dic 640
bbgj-dic 640
hc-dic 640
hhd-dic 640
ebi-dic 640
jff-dic 640
429
3
fbc-ecj 640
gbj-ecj 640
ihi-ecj 640
69
3
edh-gj 640
gjj-gj 640
baad-gj 640
599
3
gj-fjj 640
bbg-fjj 640
ddi-fjj 640
1256
2
fjj-bcfg 640
bcje-bcfg 640
479
4
bcgj-ehj 640
eci-ehj 640
baeh-ehj 640
hbj-ehj 640
803
5
cgd-iad 640
dd-iad 640
cba-iad 640
d-iad 640
jcd-iad 640
472
2
cdh-ehc 640
iad-ehc 640
451
3
ehc-efb 640
bbgj-efb 640
eib-efb 640
680
4
ccg-gia 640
ied-gia 640
hbf-gia 640
egg-gia 640
1037
1
bbgj-badh 640
997
1
geh-jjh 640
1335
3
bbcc-bddf 640
gig-bddf 640
bbbg-bddf 640
1026
2
cja-bacg 640
bgdb-bacg 640
1325
1
faa-bdcf 640
6
5
eie-g 640
iee-g 640
ehc-g 640
gic-g 640
bedj-g 640
64
1
g-ge 640
1043
1
djc-baed 640
1646
1
baca-bgeg 640
650
2
bgeg-gfa 640
hbc-gfa 640
594
3
hci-fje 640
bbac-fje 640
fba-fje 640
1599
1
hhg-bfjj 640
22
4
badc-cc 640
dgf-cc 640
jgi-cc 640
ff-cc 640
1431
1
bebd-bedb 640
1127
1
icb-bbch 640
903
3
djc-jad 640
bcij-jad 640
dgj-jad 640
941
1
jad-jeb 640
1508
1
bcaj-bfai 640
1249
3
gif-bcej 640
ef-bcej 640
jfh-bcej 640
188
5
dfa-bii 640
bga-bii 640
ejd-bii 640
bcej-bii 640
caj-bii 640
897
2
bii-ijh 640
hhg-ijh 640
104
4
cd-bae 640
ceg-bae 640
bdga-bae 640
dgj-bae 640
157
4
bae-bfh 640
gcj-bfh 640
baf-bfh 640
eaa-bfh 640
53
2
dhe-fd 640
dd-fd 640
883
4
cej-iid 640
bfei-iid 640
ffa-iid 640
iae-iid 640
302
5
dce-dac 640
bgi-dac 640
fgc-dac 640
de-dac 640
iid-dac 640
81
4
ghd-ib 640
dea-ib 640
gia-ib 640
dad-ib 640
984
3
baih-jie 640
hdb-jie 640
cij-jie 640
708
2
hfh-hai 640
bce-hai 640
718
2
jfh-hbi 640
egd-hbi 640
802
3
hia-iac 640
hbi-iac 640
eic-iac 640
1081
2
hih-baib 640
iac-baib 640
737
3
ihb-hdh 640
fec-hdh 640
baga-hdh 640
234
7
bdia-cde 640
bjb-cde 640
fff-cde 640
hhb-cde 640
gge-cde 640
bj-cde 640
bi-cde 640
318
5
ch-dbi 640
edd-dbi 640
bcaa-dbi 640
fah-dbi 640
eia-dbi 640
1219
3
hgc-bcbj 640
hjj-bcbj 640
bcch-bcbj 640
487
5
efh-eih 640
jc-eih 640
cag-eih 640
daa-eih 640
ifi-eih 640
616
4
bbcb-gbg 640
dhh-gbg 640
hhb-gbg 640
dga-gbg 640
1540
1
jdg-bfea 640
333
4
gfa-ddd 640
bci-ddd 640
hed-ddd 640
beef-ddd 640
180
4
cch-bia 640
dac-bia 640
bjg-bia 640
hi-bia 640
1241
1
idj-bceb 640
1294
1
bbfh-bcje 640
1384
1
igc-bdie 640
264
5
fh-cge 640
cci-cge 640
bfc-cge 640
bba-cge 640
hai-cge 640
998
2
j-jji 640
hef-jji 640
888
1
bbib-iii 640
1643
1
behi-bged 640
1215
2
igc-bcbf 640
bged-bcbf 640
438
9
egf-edi 640
baib-edi 640
eja-edi 640
gah-edi 640
ccg-edi 640
bda-edi 640
gie-edi 640
cfj-edi 640
bjd-edi 640
26
6
deg-cg 640
chb-cg 640
hhc-cg 640
bd-cg 640
eh-cg 640
deb-cg 640
579
5
bgde-fhj 640
fag-fhj 640
fgf-fhj 640
gaj-fhj 640
ii-fhj 640
93
2
fhj-jd 640
cae-jd 640
1549
1
bdia-bfej 640
797
2
bcg-hjh 640
caj-hjh 640
226
5
hjh-ccg 640
hde-ccg 640
bahi-ccg 640
ide-ccg 640
bih-ccg 640
269
4
dgg-cgj 640
ifi-cgj 640
fei-cgj 640
eag-cgj 640
1532
1
bfbc-bfdc 640
1480
1
ffd-beia 640
293
2
bdaa-cjd 640
eje-cjd 640
182
3
eee-bic 640
hdc-bic 640
baa-bic 640
1088
2
ffj-baii 640
bbab-baii 640
871
2
eii-ihb 640
bbcj-ihb 640
51
3
bdc-fb 640
dfa-fb 640
bcch-fb 640
1637
1
hhh-bgdh 640
771
5
dfa-hhb 640
bbaa-hhb 640
bbaj-hhb 640
fj-hhb 640
gfa-hhb 640
775
4
bafj-hhf 640
dag-hhf 640
ed-hhf 640
bcf-hhf 640
872
3
eba-ihc 640
jfd-ihc 640
ehj-ihc 640
211
5
ca-cbb 640
da-cbb 640
cge-cbb 640
ihc-cbb 640
be-cbb 640
667
1
cab-ggh 640
137
4
feh-bdh 640
ce-bdh 640
edg-bdh 640
jjg-bdh 640
177
3
efe-bhh 640
cch-bhh 640
bai-bhh 640
1651
1
bhh-bgfb 640
33
1
babg-dd 640
230
3
ejd-cda 640
dd-cda 640
jae-cda 640
348
1
fif-dei 640
1053
2
fei-bafd 640
cfa-bafd 640
432
4
ihi-edc 640
baa-edc 640
dci-edc 640
bhb-edc 640
1412
1
bbah-bebc 640
626
4
chg-gcg 640
ijg-gcg 640
cce-gcg 640
hgd-gcg 640
1270
2
deh-bcha 640
dgg-bcha 640
1472
1
ifa-behc 640
766
3
baib-hgg 640
ddc-hgg 640
ehf-hgg 640
377
5
gbg-dhh 640
dgf-dhh 640
bbb-dhh 640
bdac-dhh 640
bbh-dhh 640
978
3
bcj-jhi 640
bagi-jhi 640
fca-jhi 640
1495
1
jhi-bejf 640
1610
1
ddd-bgba 640
693
1
gad-gjd 640
623
4
ja-gcd 640
bgbi-gcd 640
egf-gcd 640
bbjd-gcd 640
150
5
cdf-bfa 640
egg-bfa 640
ddd-bfa 640
ifi-bfa 640
cjd-bfa 640
987
3
bfa-jih 640
jhi-jih 640
gfi-jih 640
515
1
jbh-fbf 640
660
2
gbc-gga 640
bhe-gga 640
1522
1
gga-bfcc 640
587
3
bcc-fih 640
ed-fih 640
id-fih 640
711
4
cfb-hbb 640
fac-hbb 640
cgj-hbb 640
eee-hbb 640
251
7
cea-cfb 640
fgg-cfb 640
fc-cfb 640
fhe-cfb 640
g-cfb 640
baga-cfb 640
gje-cfb 640
885
2
hif-iif 640
bbei-iif 640
1024
2
dhb-bace 640
bbcd-bace 640
1525
1
bca-bfcf 640
1654
1
bfcf-bgfe 640
1475
1
hdf-behf 640
1298
2
dg-bcji 640
ida-bcji 640
652
3
baha-gfc 640
bche-gfc 640
bcb-gfc 640
996
2
gfc-jjg 640
efa-jjg 640
892
4
cgi-ijc 640
hg-ijc 640
bbf-ijc 640
bcij-ijc 640
254
2
ijc-cfe 640
jf-cfe 640
91
2
bc-jb 640
bhe-jb 640
556
1
ffi-ffg 640
674
3
cji-ghe 640
ggg-ghe 640
ccb-ghe 640
295
2
cgb-cjf 640
dba-cjf 640
702
3
eif-hac 640
bcbg-hac 640
gdb-hac 640
1062
1
gie-bagc 640
777
2
ebd-hhh 640
haa-hhh 640
1518
1
jjc-bfbi 640
209
4
ghh-caj 640
eba-caj 640
eji-caj 640
jh-caj 640
1620
1
hjh-bgca 640
338
6
fib-ddi 640
jja-ddi 640
cfa-ddi 640
bjc-ddi 640
ehd-ddi 640
ef-ddi 640
593
2
cif-fjd 640
ecc-fjd 640
258
5
badf-cfi 640
bcfi-cfi 640
chd-cfi 640
eec-cfi 640
dhi-cfi 640
259
6
cfi-cfj 640
efb-cfj 640
beb-cfj 640
dib-cfj 640
bd-cfj 640
fh-cfj 640
108
2
cfj-bai 640
bda-bai 640
480
5
efc-eia 640
cjj-eia 640
efb-eia 640
bfa-eia 640
ddb-eia 640
1334
2
jif-bdde 640
bid-bdde 640
366
2
bced-dgg 640
bg-dgg 640
1096
2
cgf-bajg 640
fi-bajg 640
361
1
bcae-dgb 640
266
5
dib-cgg 640
fhc-cgg 640
bgae-cgg 640
bii-cgg 640
bdh-cgg 640
925
3
igj-jcf 640
djc-jcf 640
ghe-jcf 640
1035
1
fgh-badf 640
248
5
fhi-cei 640
dgf-cei 640
ehj-cei 640
bfb-cei 640
ddf-cei 640
676
4
fdj-ghg 640
cej-ghg 640
fhb-ghg 640
dhh-ghg 640
1347
2
cfc-bdeh 640
ecj-bdeh 640
162
6
fd-bgc 640
bdeh-bgc 640
ehc-bgc 640
ffi-bgc 640
cff-bgc 640
cgd-bgc 640
1115
2
faj-bbbf 640
cef-bbbf 640
1036
2
bbbf-badg 640
jhi-badg 640
1057
1
jbd-bafh 640
613
4
fcb-gbd 640
gca-gbd 640
bbcd-gbd 640
cg-gbd 640
390
2
bhe-dja 640
bdhi-dja 640
1303
3
ch-bdad 640
dja-bdad 640
jdi-bdad 640
183
4
dec-bid 640
bajd-bid 640
bef-bid 640
beh-bid 640
608
2
daa-gai 640
gff-gai 640
1307
2
beeg-bdah 640
ibd-bdah 640
1560
2
bfj-bfga 640
dcg-bfga 640
642
2
ffc-gec 640
ihd-gec 640
221
6
ejj-ccb 640
ddd-ccb 640
jeh-ccb 640
eig-ccb 640
bjj-ccb 640
d-ccb 640
638
1
jcc-gdi 640
186
2
bdde-big 640
deg-big 640
1461
1
iie-begb 640
1452
1
bchf-befc 640
1488
1
cbe-beii 640
485
4
fdf-eif 640
djj-eif 640
daa-eif 640
hac-eif 640
1167
1
bbei-bbgh 640
125
4
gih-bcf 640
ddj-bcf 640
deg-bcf 640
cea-bcf 640
331
6
ddd-ddb 640
bbdj-ddb 640
eig-ddb 640
bdge-ddb 640
cjb-ddb 640
bcea-ddb 640
534
3
egb-fde 640
fih-fde 640
jj-fde 640
56
1
bfaf-fg 640
659
1
bdba-gfj 640
383
6
bab-did 640
dhg-did 640
bgj-did 640
eii-did 640
ccj-did 640
hid-did 640
1132
1
jh-bbdc 640
566
2
bih-fgg 640
ice-fgg 640
44
3
cfb-ee 640
ejg-ee 640
bacc-ee 640
7
1
bfa-h 640
203
3
icg-cad 640
ege-cad 640
edd-cad 640
1593
1
bajd-bfjd 640
575
2
ffb-fhf 640
gad-fhf 640
282
3
igc-cic 640
bbi-cic 640
dhi-cic 640
827
2
djd-ich 640
beei-ich 640
1109
1
ich-bbaj 640
602
1
cca-gac 640
446
6
dcc-eeg 640
badg-eeg 640
bfc-eeg 640
cfe-eeg 640
dji-eeg 640
chg-eeg 640
1079
2
fbe-bahj 640
ghi-bahj 640
1072
1
hbg-bahc 640
21
3
did-cb 640
edb-cb 640
dcc-cb 640
1615
1
bbfa-bgbf 640
741
2
fab-heb 640
icg-heb 640
993
1
daj-jjd 640
1139
1
ghi-bbdj 640
675
1
ggb-ghf 640
1401
2
bdde-beab 640
baai-beab 640
1605
1
beab-bgaf 640
554
2
baba-ffe 640
hdc-ffe 640
1490
1
cid-beja 640
1427
1
dfj-bech 640
919
5
hdc-jbj 640
ieg-jbj 640
jhb-jbj 640
ejd-jbj 640
daa-jbj 640
1405
1
geb-beaf 640
971
1
ejg-jhb 640
398
4
bahj-dji 640
cic-dji 640
hhj-dji 640
cha-dji 640
589
3
fdf-fij 640
bdfi-fij 640
ebj-fij 640
507
1
jbj-fah 640
247
4
eeg-ceh 640
bje-ceh 640
gdd-ceh 640
cic-ceh 640
1312
1
bcgf-bdbc 640
1352
1
hdc-bdfc 640
549
4
hhe-fej 640
dfe-fej 640
eji-fej 640
gcg-fej 640
1083
2
ib-baid 640
bejd-baid 640
1191
2
gje-bbjb 640
ffj-bbjb 640
27
6
jgg-ch 640
bjd-ch 640
cd-ch 640
ddb-ch 640
hch-ch 640
dji-ch 640
164
3
hci-bge 640
d-bge 640
jif-bge 640
644
1
dda-gee 640
834
1
fgc-ide 640
109
6
db-baj 640
cjg-baj 640
ddb-baj 640
chf-baj 640
bda-baj 640
eg-baj 640
501
2
dbf-fab 640
dda-fab 640
891
1
ega-ijb 640
208
1
jda-cai 640
1260
1
ghc-bcga 640
1597
1
bcga-bfjh 640
1254
1
jh-bcfe 640
1338
1
fjg-bddi 640
1025
1
ifd-bacf 640
224
4
daf-cce 640
bceh-cce 640
bdc-cce 640
hdf-cce 640
306
3
jg-dag 640
hcd-dag 640
eb-dag 640
1648
1
bgca-bgei 640
1389
1
fbg-bdij 640
1552
1
iai-bffc 640
914
3
fbj-jbe 640
bbig-jbe 640
de-jbe 640
1449
1
cge-beej 640
196
3
cec-bjg 640
df-bjg 640
dih-bjg 640
1023
1
jgf-bacd 640
1624
1
bacd-bgce 640
215
2
cdj-cbf 640
bff-cbf 640
1548
1
cbf-bfei 640
686
4
bbe-gig 640
gj-gig 640
ijf-gig 640
cec-gig 640
462
2
ddc-egc 640
ccj-egc 640
895
1
bj-ijf 640
1047
1
dfd-baeh 640
1193
1
jig-bbjd 640
1227
1
hjg-bcch 640
86
1
baif-ig 640
1297
1
dch-bcjh 640
1387
1
ijf-bdih 640
1186
1
cig-bbig 640
1263
1
gba-bcgd 640
1315
1
hf-bdbf 640
605
1
bjh-gaf 640
39
2
ef-dj 640
cbh-dj 640
837
3
bad-idh 640
gdg-idh 640
hhg-idh 640
990
1
idh-jja 640
865
1
egi-igf 640
447
2
fbd-eeh 640
gbb-eeh 640
297
4
jfd-cjh 640
hhf-cjh 640
he-cjh 640
da-cjh 640
1311
1
jeh-bdbb 640
1179
1
c-bbhj 640
948
2
jja-jei 640
eff-jei 640
1242
1
dgj-bcec 640
113
2
bja-bbd 640
gca-bbd 640
1457
1
heh-befh 640
1553
1
egi-bffd 640
0
1
cd-a 640
698
2
ghe-gji 640
bbgf-gji 640
296
1
cgb-cjg 640
277
2
ca-chh 640
cid-chh 640
415
3
bge-ebf 640
ijf-ebf 640
fhf-ebf 640
938
1
dfb-jdi 640
1199
1
cig-bbjj 640
769
1
bbjj-hgj 640
822
2
edb-icc 640
fdh-icc 640
577
1
cba-fhh 640
943
1
djc-jed 640
1331
1
bbbg-bddb 640
34
2
eih-de 640
bhe-de 640
691
1
ebc-gjb 640
1306
1
badg-bdag 640
10
1
dhf-ba 640
963
1
ghb-jgd 640
1458
1
bahf-befi 640
